{"/home/oem/Desktop/Seguridad-y-Calidad/FRONTEND/src/assets/bg-registro.jpg": {"path":"/home/oem/Desktop/Seguridad-y-Calidad/FRONTEND/src/assets/bg-registro.jpg","statementMap":{},"fnMap":{},"branchMap":{},"s":{},"f":{},"b":{},"meta":{"lastBranch":0,"lastFunction":0,"lastStatement":0,"seen":{},"fnNames":{}}}
,"/home/oem/Desktop/Seguridad-y-Calidad/FRONTEND/src/assets/logo-duoc.svg": {"path":"/home/oem/Desktop/Seguridad-y-Calidad/FRONTEND/src/assets/logo-duoc.svg","statementMap":{},"fnMap":{},"branchMap":{},"s":{},"f":{},"b":{},"meta":{"lastBranch":0,"lastFunction":0,"lastStatement":0,"seen":{},"fnNames":{}}}
,"/home/oem/Desktop/Seguridad-y-Calidad/FRONTEND/src/assets/logo.svg": {"path":"/home/oem/Desktop/Seguridad-y-Calidad/FRONTEND/src/assets/logo.svg","statementMap":{},"fnMap":{},"branchMap":{},"s":{},"f":{},"b":{},"meta":{"lastBranch":0,"lastFunction":0,"lastStatement":0,"seen":{},"fnNames":{}}}
,"/home/oem/Desktop/Seguridad-y-Calidad/FRONTEND/src/context/AuthContext.jsx": {"path":"/home/oem/Desktop/Seguridad-y-Calidad/FRONTEND/src/context/AuthContext.jsx","statementMap":{"0":{"start":{"line":7,"column":24},"end":{"line":9,"column":null}},"1":{"start":{"line":8,"column":10},"end":{"line":8,"column":null}},"2":{"start":{"line":10,"column":22},"end":{"line":13,"column":null}},"3":{"start":{"line":11,"column":14},"end":{"line":11,"column":null}},"4":{"start":{"line":12,"column":4},"end":{"line":12,"column":null}},"5":{"start":{"line":14,"column":28},"end":{"line":14,"column":null}},"6":{"start":{"line":17,"column":8},"end":{"line":26,"column":null}},"7":{"start":{"line":18,"column":4},"end":{"line":20,"column":null}},"8":{"start":{"line":19,"column":6},"end":{"line":19,"column":null}},"9":{"start":{"line":22,"column":4},"end":{"line":22,"column":null}},"10":{"start":{"line":22,"column":27},"end":{"line":22,"column":null}},"11":{"start":{"line":23,"column":4},"end":{"line":23,"column":null}},"12":{"start":{"line":23,"column":27},"end":{"line":23,"column":null}},"13":{"start":{"line":24,"column":4},"end":{"line":24,"column":null}},"14":{"start":{"line":24,"column":27},"end":{"line":24,"column":null}},"15":{"start":{"line":25,"column":4},"end":{"line":25,"column":null}},"16":{"start":{"line":28,"column":2},"end":{"line":30,"column":null}},"17":{"start":{"line":29,"column":4},"end":{"line":29,"column":null}},"18":{"start":{"line":32,"column":16},"end":{"line":63,"column":null}},"19":{"start":{"line":33,"column":4},"end":{"line":33,"column":null}},"20":{"start":{"line":34,"column":4},"end":{"line":62,"column":null}},"21":{"start":{"line":35,"column":23},"end":{"line":38,"column":null}},"22":{"start":{"line":39,"column":23},"end":{"line":39,"column":null}},"23":{"start":{"line":40,"column":6},"end":{"line":40,"column":null}},"24":{"start":{"line":41,"column":6},"end":{"line":41,"column":null}},"25":{"start":{"line":42,"column":6},"end":{"line":42,"column":null}},"26":{"start":{"line":45,"column":25},"end":{"line":45,"column":null}},"27":{"start":{"line":46,"column":6},"end":{"line":50,"column":null}},"28":{"start":{"line":47,"column":8},"end":{"line":47,"column":null}},"29":{"start":{"line":49,"column":8},"end":{"line":49,"column":null}},"30":{"start":{"line":53,"column":23},"end":{"line":56,"column":null}},"31":{"start":{"line":58,"column":6},"end":{"line":58,"column":null}},"32":{"start":{"line":59,"column":6},"end":{"line":59,"column":null}},"33":{"start":{"line":61,"column":6},"end":{"line":61,"column":null}},"34":{"start":{"line":65,"column":17},"end":{"line":71,"column":null}},"35":{"start":{"line":66,"column":4},"end":{"line":66,"column":null}},"36":{"start":{"line":67,"column":4},"end":{"line":67,"column":null}},"37":{"start":{"line":68,"column":4},"end":{"line":68,"column":null}},"38":{"start":{"line":69,"column":4},"end":{"line":69,"column":null}},"39":{"start":{"line":73,"column":8},"end":{"line":76,"column":null}},"40":{"start":{"line":74,"column":11},"end":{"line":74,"column":null}},"41":{"start":{"line":77,"column":2},"end":{"line":77,"column":null}}},"fnMap":{"0":{"name":"AuthProvider","decl":{"start":{"line":6,"column":24},"end":{"line":6,"column":37}},"loc":{"start":{"line":6,"column":51},"end":{"line":78,"column":null}},"line":6},"1":{"name":"(anonymous_1)","decl":{"start":{"line":8,"column":4},"end":{"line":8,"column":10}},"loc":{"start":{"line":8,"column":10},"end":{"line":8,"column":null}},"line":8},"2":{"name":"(anonymous_2)","decl":{"start":{"line":10,"column":35},"end":{"line":10,"column":41}},"loc":{"start":{"line":10,"column":41},"end":{"line":13,"column":3}},"line":10},"3":{"name":"(anonymous_3)","decl":{"start":{"line":17,"column":23},"end":{"line":17,"column":29}},"loc":{"start":{"line":17,"column":29},"end":{"line":26,"column":5}},"line":17},"4":{"name":"(anonymous_4)","decl":{"start":{"line":28,"column":12},"end":{"line":28,"column":18}},"loc":{"start":{"line":28,"column":18},"end":{"line":30,"column":5}},"line":28},"5":{"name":"(anonymous_5)","decl":{"start":{"line":32,"column":16},"end":{"line":32,"column":23}},"loc":{"start":{"line":32,"column":56},"end":{"line":63,"column":null}},"line":32},"6":{"name":"(anonymous_6)","decl":{"start":{"line":65,"column":17},"end":{"line":65,"column":23}},"loc":{"start":{"line":65,"column":23},"end":{"line":71,"column":null}},"line":65},"7":{"name":"(anonymous_7)","decl":{"start":{"line":74,"column":4},"end":{"line":74,"column":11}},"loc":{"start":{"line":74,"column":11},"end":{"line":74,"column":null}},"line":74}},"branchMap":{"0":{"loc":{"start":{"line":8,"column":10},"end":{"line":8,"column":null}},"type":"binary-expr","locations":[{"start":{"line":8,"column":10},"end":{"line":8,"column":43}},{"start":{"line":8,"column":43},"end":{"line":8,"column":null}}],"line":8},"1":{"loc":{"start":{"line":12,"column":11},"end":{"line":12,"column":null}},"type":"cond-expr","locations":[{"start":{"line":12,"column":15},"end":{"line":12,"column":31}},{"start":{"line":12,"column":31},"end":{"line":12,"column":null}}],"line":12},"2":{"loc":{"start":{"line":18,"column":4},"end":{"line":20,"column":null}},"type":"if","locations":[{"start":{"line":18,"column":4},"end":{"line":20,"column":null}},{"start":{},"end":{}}],"line":18},"3":{"loc":{"start":{"line":22,"column":4},"end":{"line":22,"column":null}},"type":"if","locations":[{"start":{"line":22,"column":4},"end":{"line":22,"column":null}},{"start":{},"end":{}}],"line":22},"4":{"loc":{"start":{"line":23,"column":4},"end":{"line":23,"column":null}},"type":"if","locations":[{"start":{"line":23,"column":4},"end":{"line":23,"column":null}},{"start":{},"end":{}}],"line":23},"5":{"loc":{"start":{"line":24,"column":4},"end":{"line":24,"column":null}},"type":"if","locations":[{"start":{"line":24,"column":4},"end":{"line":24,"column":null}},{"start":{},"end":{}}],"line":24},"6":{"loc":{"start":{"line":55,"column":12},"end":{"line":55,"column":null}},"type":"binary-expr","locations":[{"start":{"line":55,"column":12},"end":{"line":55,"column":28}},{"start":{"line":55,"column":28},"end":{"line":55,"column":null}}],"line":55}},"s":{"0":1,"1":1,"2":1,"3":1,"4":1,"5":1,"6":1,"7":1,"8":0,"9":1,"10":0,"11":1,"12":0,"13":1,"14":0,"15":1,"16":1,"17":1,"18":1,"19":0,"20":0,"21":0,"22":0,"23":0,"24":0,"25":0,"26":0,"27":0,"28":0,"29":0,"30":0,"31":0,"32":0,"33":0,"34":1,"35":0,"36":0,"37":0,"38":0,"39":1,"40":1,"41":1},"f":{"0":1,"1":1,"2":1,"3":1,"4":1,"5":0,"6":0,"7":1},"b":{"0":[1,1],"1":[0,1],"2":[0,1],"3":[0,1],"4":[0,1],"5":[0,1],"6":[0,0]},"meta":{"lastBranch":7,"lastFunction":8,"lastStatement":42,"seen":{"f:6:24:6:37":0,"s:7:24:9:Infinity":0,"f:8:4:8:10":1,"s:8:10:8:Infinity":1,"b:8:10:8:43:8:43:8:Infinity":0,"s:10:22:13:Infinity":2,"f:10:35:10:41":2,"s:11:14:11:Infinity":3,"s:12:4:12:Infinity":4,"b:12:15:12:31:12:31:12:Infinity":1,"s:14:28:14:Infinity":5,"s:17:8:26:Infinity":6,"f:17:23:17:29":3,"b:18:4:20:Infinity:undefined:undefined:undefined:undefined":2,"s:18:4:20:Infinity":7,"s:19:6:19:Infinity":8,"b:22:4:22:Infinity:undefined:undefined:undefined:undefined":3,"s:22:4:22:Infinity":9,"s:22:27:22:Infinity":10,"b:23:4:23:Infinity:undefined:undefined:undefined:undefined":4,"s:23:4:23:Infinity":11,"s:23:27:23:Infinity":12,"b:24:4:24:Infinity:undefined:undefined:undefined:undefined":5,"s:24:4:24:Infinity":13,"s:24:27:24:Infinity":14,"s:25:4:25:Infinity":15,"s:28:2:30:Infinity":16,"f:28:12:28:18":4,"s:29:4:29:Infinity":17,"s:32:16:63:Infinity":18,"f:32:16:32:23":5,"s:33:4:33:Infinity":19,"s:34:4:62:Infinity":20,"s:35:23:38:Infinity":21,"s:39:23:39:Infinity":22,"s:40:6:40:Infinity":23,"s:41:6:41:Infinity":24,"s:42:6:42:Infinity":25,"s:45:25:45:Infinity":26,"s:46:6:50:Infinity":27,"s:47:8:47:Infinity":28,"s:49:8:49:Infinity":29,"s:53:23:56:Infinity":30,"b:55:12:55:28:55:28:55:Infinity":6,"s:58:6:58:Infinity":31,"s:59:6:59:Infinity":32,"s:61:6:61:Infinity":33,"s:65:17:71:Infinity":34,"f:65:17:65:23":6,"s:66:4:66:Infinity":35,"s:67:4:67:Infinity":36,"s:68:4:68:Infinity":37,"s:69:4:69:Infinity":38,"s:73:8:76:Infinity":39,"f:74:4:74:11":7,"s:74:11:74:Infinity":40,"s:77:2:77:Infinity":41},"fnNames":{}}}
,"/home/oem/Desktop/Seguridad-y-Calidad/FRONTEND/src/context/authContextInstance.js": {"path":"/home/oem/Desktop/Seguridad-y-Calidad/FRONTEND/src/context/authContextInstance.js","statementMap":{"0":{"start":{"line":3,"column":26},"end":{"line":3,"column":null}}},"fnMap":{},"branchMap":{},"s":{"0":1},"f":{},"b":{},"meta":{"lastBranch":0,"lastFunction":0,"lastStatement":1,"seen":{"s:3:26:3:Infinity":0},"fnNames":{}}}
,"/home/oem/Desktop/Seguridad-y-Calidad/FRONTEND/src/hooks/useAuth.js": {"path":"/home/oem/Desktop/Seguridad-y-Calidad/FRONTEND/src/hooks/useAuth.js","statementMap":{"0":{"start":{"line":5,"column":2},"end":{"line":5,"column":null}}},"fnMap":{"0":{"name":"useAuth","decl":{"start":{"line":4,"column":16},"end":{"line":4,"column":23}},"loc":{"start":{"line":4,"column":26},"end":{"line":6,"column":null}},"line":4}},"branchMap":{},"s":{"0":1},"f":{"0":1},"b":{},"meta":{"lastBranch":0,"lastFunction":1,"lastStatement":1,"seen":{"f:4:16:4:23":0,"s:5:2:5:Infinity":0},"fnNames":{}}}
,"/home/oem/Desktop/Seguridad-y-Calidad/FRONTEND/src/lib/api.jsx": {"path":"/home/oem/Desktop/Seguridad-y-Calidad/FRONTEND/src/lib/api.jsx","statementMap":{"0":{"start":{"line":4,"column":16},"end":{"line":4,"column":null}},"1":{"start":{"line":6,"column":19},"end":{"line":8,"column":null}},"2":{"start":{"line":11,"column":2},"end":{"line":15,"column":null}},"3":{"start":{"line":12,"column":4},"end":{"line":12,"column":null}},"4":{"start":{"line":14,"column":4},"end":{"line":14,"column":null}},"5":{"start":{"line":19,"column":0},"end":{"line":43,"column":null}},"6":{"start":{"line":21,"column":18},"end":{"line":21,"column":null}},"7":{"start":{"line":22,"column":16},"end":{"line":22,"column":null}},"8":{"start":{"line":25,"column":20},"end":{"line":25,"column":null}},"9":{"start":{"line":27,"column":23},"end":{"line":29,"column":null}},"10":{"start":{"line":31,"column":29},"end":{"line":31,"column":null}},"11":{"start":{"line":34,"column":4},"end":{"line":36,"column":null}},"12":{"start":{"line":35,"column":6},"end":{"line":35,"column":null}},"13":{"start":{"line":38,"column":4},"end":{"line":38,"column":null}},"14":{"start":{"line":41,"column":4},"end":{"line":41,"column":null}},"15":{"start":{"line":46,"column":0},"end":{"line":83,"column":null}},"16":{"start":{"line":47,"column":16},"end":{"line":47,"column":null}},"17":{"start":{"line":50,"column":4},"end":{"line":78,"column":null}},"18":{"start":{"line":51,"column":23},"end":{"line":51,"column":null}},"19":{"start":{"line":54,"column":6},"end":{"line":71,"column":null}},"20":{"start":{"line":56,"column":8},"end":{"line":59,"column":null}},"21":{"start":{"line":60,"column":6},"end":{"line":71,"column":null}},"22":{"start":{"line":62,"column":8},"end":{"line":62,"column":null}},"23":{"start":{"line":63,"column":6},"end":{"line":71,"column":null}},"24":{"start":{"line":65,"column":8},"end":{"line":65,"column":null}},"25":{"start":{"line":68,"column":8},"end":{"line":70,"column":null}},"26":{"start":{"line":72,"column":4},"end":{"line":78,"column":null}},"27":{"start":{"line":74,"column":6},"end":{"line":74,"column":null}},"28":{"start":{"line":77,"column":6},"end":{"line":77,"column":null}},"29":{"start":{"line":81,"column":4},"end":{"line":81,"column":null}}},"fnMap":{"0":{"name":"setAuthToken","decl":{"start":{"line":10,"column":16},"end":{"line":10,"column":29}},"loc":{"start":{"line":10,"column":36},"end":{"line":16,"column":null}},"line":10},"1":{"name":"(anonymous_1)","decl":{"start":{"line":20,"column":2},"end":{"line":20,"column":3}},"loc":{"start":{"line":20,"column":14},"end":{"line":39,"column":null}},"line":20},"2":{"name":"(anonymous_2)","decl":{"start":{"line":40,"column":2},"end":{"line":40,"column":3}},"loc":{"start":{"line":40,"column":13},"end":{"line":42,"column":null}},"line":40},"3":{"name":"(anonymous_3)","decl":{"start":{"line":47,"column":2},"end":{"line":47,"column":3}},"loc":{"start":{"line":47,"column":16},"end":{"line":47,"column":null}},"line":47},"4":{"name":"(anonymous_4)","decl":{"start":{"line":48,"column":2},"end":{"line":48,"column":3}},"loc":{"start":{"line":48,"column":13},"end":{"line":82,"column":null}},"line":48}},"branchMap":{"0":{"loc":{"start":{"line":4,"column":16},"end":{"line":4,"column":null}},"type":"binary-expr","locations":[{"start":{"line":4,"column":16},"end":{"line":4,"column":48}},{"start":{"line":4,"column":48},"end":{"line":4,"column":null}}],"line":4},"1":{"loc":{"start":{"line":11,"column":2},"end":{"line":15,"column":null}},"type":"if","locations":[{"start":{"line":11,"column":2},"end":{"line":15,"column":null}},{"start":{"line":13,"column":9},"end":{"line":15,"column":null}}],"line":11},"2":{"loc":{"start":{"line":22,"column":16},"end":{"line":22,"column":null}},"type":"binary-expr","locations":[{"start":{"line":22,"column":16},"end":{"line":22,"column":30}},{"start":{"line":22,"column":30},"end":{"line":22,"column":null}}],"line":22},"3":{"loc":{"start":{"line":27,"column":23},"end":{"line":29,"column":null}},"type":"binary-expr","locations":[{"start":{"line":27,"column":23},"end":{"line":27,"column":null}},{"start":{"line":28,"column":23},"end":{"line":28,"column":null}},{"start":{"line":29,"column":23},"end":{"line":29,"column":null}}],"line":27},"4":{"loc":{"start":{"line":34,"column":4},"end":{"line":36,"column":null}},"type":"if","locations":[{"start":{"line":34,"column":4},"end":{"line":36,"column":null}},{"start":{},"end":{}}],"line":34},"5":{"loc":{"start":{"line":34,"column":8},"end":{"line":34,"column":63}},"type":"binary-expr","locations":[{"start":{"line":34,"column":8},"end":{"line":34,"column":20}},{"start":{"line":34,"column":20},"end":{"line":34,"column":35}},{"start":{"line":34,"column":35},"end":{"line":34,"column":56}},{"start":{"line":34,"column":56},"end":{"line":34,"column":63}}],"line":34},"6":{"loc":{"start":{"line":50,"column":4},"end":{"line":78,"column":null}},"type":"if","locations":[{"start":{"line":50,"column":4},"end":{"line":78,"column":null}},{"start":{"line":72,"column":4},"end":{"line":78,"column":null}}],"line":50},"7":{"loc":{"start":{"line":54,"column":6},"end":{"line":71,"column":null}},"type":"if","locations":[{"start":{"line":54,"column":6},"end":{"line":71,"column":null}},{"start":{"line":60,"column":6},"end":{"line":71,"column":null}}],"line":54},"8":{"loc":{"start":{"line":54,"column":10},"end":{"line":54,"column":44}},"type":"binary-expr","locations":[{"start":{"line":54,"column":10},"end":{"line":54,"column":18}},{"start":{"line":54,"column":18},"end":{"line":54,"column":32}},{"start":{"line":54,"column":32},"end":{"line":54,"column":44}}],"line":54},"9":{"loc":{"start":{"line":60,"column":6},"end":{"line":71,"column":null}},"type":"if","locations":[{"start":{"line":60,"column":6},"end":{"line":71,"column":null}},{"start":{"line":63,"column":6},"end":{"line":71,"column":null}}],"line":60},"10":{"loc":{"start":{"line":60,"column":17},"end":{"line":60,"column":37}},"type":"binary-expr","locations":[{"start":{"line":60,"column":17},"end":{"line":60,"column":25}},{"start":{"line":60,"column":25},"end":{"line":60,"column":37}}],"line":60},"11":{"loc":{"start":{"line":63,"column":6},"end":{"line":71,"column":null}},"type":"if","locations":[{"start":{"line":63,"column":6},"end":{"line":71,"column":null}},{"start":{"line":66,"column":13},"end":{"line":71,"column":null}}],"line":63},"12":{"loc":{"start":{"line":63,"column":17},"end":{"line":63,"column":39}},"type":"binary-expr","locations":[{"start":{"line":63,"column":17},"end":{"line":63,"column":25}},{"start":{"line":63,"column":25},"end":{"line":63,"column":39}}],"line":63},"13":{"loc":{"start":{"line":69,"column":47},"end":{"line":69,"column":98}},"type":"binary-expr","locations":[{"start":{"line":69,"column":47},"end":{"line":69,"column":76}},{"start":{"line":69,"column":76},"end":{"line":69,"column":98}}],"line":69},"14":{"loc":{"start":{"line":72,"column":4},"end":{"line":78,"column":null}},"type":"if","locations":[{"start":{"line":72,"column":4},"end":{"line":78,"column":null}},{"start":{"line":75,"column":11},"end":{"line":78,"column":null}}],"line":72},"15":{"loc":{"start":{"line":77,"column":18},"end":{"line":77,"column":64}},"type":"binary-expr","locations":[{"start":{"line":77,"column":18},"end":{"line":77,"column":35}},{"start":{"line":77,"column":35},"end":{"line":77,"column":64}}],"line":77}},"s":{"0":1,"1":1,"2":1,"3":0,"4":1,"5":1,"6":0,"7":0,"8":0,"9":0,"10":0,"11":0,"12":0,"13":0,"14":0,"15":1,"16":0,"17":0,"18":0,"19":0,"20":0,"21":0,"22":0,"23":0,"24":0,"25":0,"26":0,"27":0,"28":0,"29":0},"f":{"0":1,"1":0,"2":0,"3":0,"4":0},"b":{"0":[1,0],"1":[0,1],"2":[0,0],"3":[0,0,0],"4":[0,0],"5":[0,0,0,0],"6":[0,0],"7":[0,0],"8":[0,0,0],"9":[0,0],"10":[0,0],"11":[0,0],"12":[0,0],"13":[0,0],"14":[0,0],"15":[0,0]},"meta":{"lastBranch":16,"lastFunction":5,"lastStatement":30,"seen":{"s:4:16:4:Infinity":0,"b:4:16:4:48:4:48:4:Infinity":0,"s:6:19:8:Infinity":1,"f:10:16:10:29":0,"b:11:2:15:Infinity:13:9:15:Infinity":1,"s:11:2:15:Infinity":2,"s:12:4:12:Infinity":3,"s:14:4:14:Infinity":4,"s:19:0:43:Infinity":5,"f:20:2:20:3":1,"s:21:18:21:Infinity":6,"s:22:16:22:Infinity":7,"b:22:16:22:30:22:30:22:Infinity":2,"s:25:20:25:Infinity":8,"s:27:23:29:Infinity":9,"b:27:23:27:Infinity:28:23:28:Infinity:29:23:29:Infinity":3,"s:31:29:31:Infinity":10,"b:34:4:36:Infinity:undefined:undefined:undefined:undefined":4,"s:34:4:36:Infinity":11,"b:34:8:34:20:34:20:34:35:34:35:34:56:34:56:34:63":5,"s:35:6:35:Infinity":12,"s:38:4:38:Infinity":13,"f:40:2:40:3":2,"s:41:4:41:Infinity":14,"s:46:0:83:Infinity":15,"f:47:2:47:3":3,"s:47:16:47:Infinity":16,"f:48:2:48:3":4,"b:50:4:78:Infinity:72:4:78:Infinity":6,"s:50:4:78:Infinity":17,"s:51:23:51:Infinity":18,"b:54:6:71:Infinity:60:6:71:Infinity":7,"s:54:6:71:Infinity":19,"b:54:10:54:18:54:18:54:32:54:32:54:44":8,"s:56:8:59:Infinity":20,"b:60:6:71:Infinity:63:6:71:Infinity":9,"s:60:6:71:Infinity":21,"b:60:17:60:25:60:25:60:37":10,"s:62:8:62:Infinity":22,"b:63:6:71:Infinity:66:13:71:Infinity":11,"s:63:6:71:Infinity":23,"b:63:17:63:25:63:25:63:39":12,"s:65:8:65:Infinity":24,"s:68:8:70:Infinity":25,"b:69:47:69:76:69:76:69:98":13,"b:72:4:78:Infinity:75:11:78:Infinity":14,"s:72:4:78:Infinity":26,"s:74:6:74:Infinity":27,"s:77:6:77:Infinity":28,"b:77:18:77:35:77:35:77:64":15,"s:81:4:81:Infinity":29},"fnNames":{}}}
,"/home/oem/Desktop/Seguridad-y-Calidad/FRONTEND/src/pages/auth/Login.jsx": {"path":"/home/oem/Desktop/Seguridad-y-Calidad/FRONTEND/src/pages/auth/Login.jsx","statementMap":{"0":{"start":{"line":29,"column":25},"end":{"line":29,"column":null}},"1":{"start":{"line":30,"column":8},"end":{"line":30,"column":null}},"2":{"start":{"line":31,"column":34},"end":{"line":31,"column":null}},"3":{"start":{"line":33,"column":19},"end":{"line":41,"column":null}},"4":{"start":{"line":34,"column":4},"end":{"line":40,"column":null}},"5":{"start":{"line":35,"column":6},"end":{"line":35,"column":null}},"6":{"start":{"line":36,"column":6},"end":{"line":36,"column":null}},"7":{"start":{"line":37,"column":6},"end":{"line":37,"column":null}},"8":{"start":{"line":39,"column":6},"end":{"line":39,"column":null}},"9":{"start":{"line":43,"column":27},"end":{"line":45,"column":null}},"10":{"start":{"line":44,"column":4},"end":{"line":44,"column":null}},"11":{"start":{"line":47,"column":28},"end":{"line":49,"column":null}},"12":{"start":{"line":48,"column":4},"end":{"line":48,"column":null}},"13":{"start":{"line":51,"column":2},"end":{"line":268,"column":null}},"14":{"start":{"line":79,"column":14},"end":{"line":138,"column":null}}},"fnMap":{"0":{"name":"Login","decl":{"start":{"line":28,"column":24},"end":{"line":28,"column":32}},"loc":{"start":{"line":28,"column":32},"end":{"line":270,"column":null}},"line":28},"1":{"name":"(anonymous_1)","decl":{"start":{"line":33,"column":19},"end":{"line":33,"column":26}},"loc":{"start":{"line":33,"column":37},"end":{"line":41,"column":null}},"line":33},"2":{"name":"(anonymous_2)","decl":{"start":{"line":43,"column":27},"end":{"line":43,"column":33}},"loc":{"start":{"line":43,"column":33},"end":{"line":45,"column":null}},"line":43},"3":{"name":"(anonymous_3)","decl":{"start":{"line":47,"column":28},"end":{"line":47,"column":34}},"loc":{"start":{"line":47,"column":34},"end":{"line":49,"column":null}},"line":47},"4":{"name":"(anonymous_4)","decl":{"start":{"line":78,"column":13},"end":{"line":78,"column":14}},"loc":{"start":{"line":79,"column":14},"end":{"line":138,"column":null}},"line":79}},"branchMap":{"0":{"loc":{"start":{"line":122,"column":28},"end":{"line":122,"column":null}},"type":"binary-expr","locations":[{"start":{"line":122,"column":28},"end":{"line":122,"column":39}},{"start":{"line":122,"column":39},"end":{"line":122,"column":null}}],"line":122},"1":{"loc":{"start":{"line":126,"column":19},"end":{"line":126,"column":null}},"type":"cond-expr","locations":[{"start":{"line":126,"column":29},"end":{"line":126,"column":47}},{"start":{"line":126,"column":47},"end":{"line":126,"column":null}}],"line":126}},"s":{"0":2,"1":2,"2":2,"3":2,"4":0,"5":0,"6":0,"7":0,"8":0,"9":2,"10":0,"11":2,"12":0,"13":2,"14":12},"f":{"0":2,"1":0,"2":0,"3":0,"4":12},"b":{"0":[12,12],"1":[0,12]},"meta":{"lastBranch":2,"lastFunction":5,"lastStatement":15,"seen":{"f:28:24:28:32":0,"s:29:25:29:Infinity":0,"s:30:8:30:Infinity":1,"s:31:34:31:Infinity":2,"s:33:19:41:Infinity":3,"f:33:19:33:26":1,"s:34:4:40:Infinity":4,"s:35:6:35:Infinity":5,"s:36:6:36:Infinity":6,"s:37:6:37:Infinity":7,"s:39:6:39:Infinity":8,"s:43:27:45:Infinity":9,"f:43:27:43:33":2,"s:44:4:44:Infinity":10,"s:47:28:49:Infinity":11,"f:47:28:47:34":3,"s:48:4:48:Infinity":12,"s:51:2:268:Infinity":13,"f:78:13:78:14":4,"s:79:14:138:Infinity":14,"b:122:28:122:39:122:39:122:Infinity":0,"b:126:29:126:47:126:47:126:Infinity":1},"fnNames":{}}}
,"/home/oem/Desktop/Seguridad-y-Calidad/FRONTEND/src/validations/auth.js": {"path":"/home/oem/Desktop/Seguridad-y-Calidad/FRONTEND/src/validations/auth.js","statementMap":{"0":{"start":{"line":3,"column":27},"end":{"line":13,"column":2}},"1":{"start":{"line":15,"column":34},"end":{"line":30,"column":2}},"2":{"start":{"line":32,"column":37},"end":{"line":59,"column":2}}},"fnMap":{},"branchMap":{},"s":{"0":1,"1":1,"2":1},"f":{},"b":{},"meta":{"lastBranch":0,"lastFunction":0,"lastStatement":3,"seen":{"s:3:27:13:2":0,"s:15:34:30:2":1,"s:32:37:59:2":2},"fnNames":{}}}
}
