{"/home/oem/Desktop/Seguridad-y-Calidad/BACKEND/src/app.js": {"path":"/home/oem/Desktop/Seguridad-y-Calidad/BACKEND/src/app.js","statementMap":{"0":{"start":{"line":1,"column":13},"end":{"line":1,"column":28}},"1":{"start":{"line":2,"column":11},"end":{"line":2,"column":24}},"2":{"start":{"line":3,"column":16},"end":{"line":3,"column":34}},"3":{"start":{"line":4,"column":13},"end":{"line":4,"column":28}},"4":{"start":{"line":5,"column":15},"end":{"line":5,"column":32}},"5":{"start":{"line":6,"column":18},"end":{"line":6,"column":47}},"6":{"start":{"line":8,"column":17},"end":{"line":8,"column":32}},"7":{"start":{"line":10,"column":19},"end":{"line":10,"column":43}},"8":{"start":{"line":11,"column":19},"end":{"line":11,"column":44}},"9":{"start":{"line":12,"column":24},"end":{"line":12,"column":53}},"10":{"start":{"line":13,"column":23},"end":{"line":13,"column":51}},"11":{"start":{"line":14,"column":25},"end":{"line":14,"column":55}},"12":{"start":{"line":15,"column":25},"end":{"line":15,"column":56}},"13":{"start":{"line":16,"column":20},"end":{"line":16,"column":45}},"14":{"start":{"line":17,"column":20},"end":{"line":17,"column":45}},"15":{"start":{"line":19,"column":12},"end":{"line":19,"column":21}},"16":{"start":{"line":21,"column":0},"end":{"line":21,"column":16}},"17":{"start":{"line":22,"column":0},"end":{"line":22,"column":24}},"18":{"start":{"line":23,"column":0},"end":{"line":23,"column":23}},"19":{"start":{"line":25,"column":19},"end":{"line":25,"column":70}},"20":{"start":{"line":26,"column":0},"end":{"line":26,"column":46}},"21":{"start":{"line":28,"column":0},"end":{"line":28,"column":38}},"22":{"start":{"line":29,"column":0},"end":{"line":29,"column":33}},"23":{"start":{"line":30,"column":0},"end":{"line":30,"column":39}},"24":{"start":{"line":31,"column":0},"end":{"line":31,"column":37}},"25":{"start":{"line":32,"column":0},"end":{"line":32,"column":41}},"26":{"start":{"line":33,"column":0},"end":{"line":33,"column":42}},"27":{"start":{"line":34,"column":0},"end":{"line":34,"column":35}},"28":{"start":{"line":35,"column":0},"end":{"line":35,"column":31}},"29":{"start":{"line":37,"column":16},"end":{"line":37,"column":41}},"30":{"start":{"line":38,"column":0},"end":{"line":38,"column":60}},"31":{"start":{"line":39,"column":0},"end":{"line":41,"column":3}},"32":{"start":{"line":40,"column":2},"end":{"line":40,"column":20}},"33":{"start":{"line":43,"column":0},"end":{"line":43,"column":57}},"34":{"start":{"line":45,"column":0},"end":{"line":47,"column":3}},"35":{"start":{"line":46,"column":2},"end":{"line":46,"column":51}},"36":{"start":{"line":49,"column":0},"end":{"line":49,"column":21}}},"fnMap":{"0":{"name":"(anonymous_0)","decl":{"start":{"line":39,"column":25},"end":{"line":39,"column":26}},"loc":{"start":{"line":39,"column":39},"end":{"line":41,"column":1}},"line":39},"1":{"name":"(anonymous_1)","decl":{"start":{"line":45,"column":13},"end":{"line":45,"column":14}},"loc":{"start":{"line":45,"column":27},"end":{"line":47,"column":1}},"line":45}},"branchMap":{},"s":{"0":8,"1":8,"2":8,"3":8,"4":8,"5":8,"6":8,"7":8,"8":8,"9":8,"10":8,"11":8,"12":8,"13":8,"14":8,"15":8,"16":8,"17":8,"18":8,"19":8,"20":8,"21":8,"22":8,"23":8,"24":8,"25":8,"26":8,"27":8,"28":8,"29":8,"30":8,"31":8,"32":0,"33":8,"34":8,"35":0,"36":8},"f":{"0":0,"1":0},"b":{},"_coverageSchema":"1a1c01bbd47fc00a2c39e90264f33305004495a9","hash":"65ec9fa4ca0115c7542b249f48559291e195ec40"}
,"/home/oem/Desktop/Seguridad-y-Calidad/BACKEND/src/middleware/delay.js": {"path":"/home/oem/Desktop/Seguridad-y-Calidad/BACKEND/src/middleware/delay.js","statementMap":{"0":{"start":{"line":5,"column":24},"end":{"line":11,"column":1}},"1":{"start":{"line":6,"column":2},"end":{"line":10,"column":4}},"2":{"start":{"line":7,"column":4},"end":{"line":9,"column":11}},"3":{"start":{"line":8,"column":6},"end":{"line":8,"column":13}},"4":{"start":{"line":13,"column":0},"end":{"line":13,"column":33}}},"fnMap":{"0":{"name":"(anonymous_0)","decl":{"start":{"line":5,"column":24},"end":{"line":5,"column":25}},"loc":{"start":{"line":5,"column":39},"end":{"line":11,"column":1}},"line":5},"1":{"name":"(anonymous_1)","decl":{"start":{"line":6,"column":9},"end":{"line":6,"column":10}},"loc":{"start":{"line":6,"column":29},"end":{"line":10,"column":3}},"line":6},"2":{"name":"(anonymous_2)","decl":{"start":{"line":7,"column":15},"end":{"line":7,"column":16}},"loc":{"start":{"line":7,"column":21},"end":{"line":9,"column":5}},"line":7}},"branchMap":{"0":{"loc":{"start":{"line":5,"column":25},"end":{"line":5,"column":34}},"type":"default-arg","locations":[{"start":{"line":5,"column":30},"end":{"line":5,"column":34}}],"line":5}},"s":{"0":5,"1":25,"2":0,"3":0,"4":5},"f":{"0":25,"1":0,"2":0},"b":{"0":[0]},"_coverageSchema":"1a1c01bbd47fc00a2c39e90264f33305004495a9","hash":"4d43a4c7caeea525f4c5e935b2867c8e5e7f8984"}
,"/home/oem/Desktop/Seguridad-y-Calidad/BACKEND/src/middleware/validate.js": {"path":"/home/oem/Desktop/Seguridad-y-Calidad/BACKEND/src/middleware/validate.js","statementMap":{"0":{"start":{"line":1,"column":17},"end":{"line":25,"column":1}},"1":{"start":{"line":2,"column":2},"end":{"line":24,"column":4}},"2":{"start":{"line":3,"column":4},"end":{"line":23,"column":5}},"3":{"start":{"line":4,"column":19},"end":{"line":4,"column":30}},"4":{"start":{"line":5,"column":6},"end":{"line":5,"column":77}},"5":{"start":{"line":6,"column":6},"end":{"line":6,"column":13}},"6":{"start":{"line":8,"column":6},"end":{"line":18,"column":7}},"7":{"start":{"line":9,"column":23},"end":{"line":12,"column":11}},"8":{"start":{"line":9,"column":49},"end":{"line":12,"column":9}},"9":{"start":{"line":13,"column":8},"end":{"line":17,"column":11}},"10":{"start":{"line":19,"column":6},"end":{"line":22,"column":9}},"11":{"start":{"line":27,"column":0},"end":{"line":27,"column":26}}},"fnMap":{"0":{"name":"(anonymous_0)","decl":{"start":{"line":1,"column":17},"end":{"line":1,"column":18}},"loc":{"start":{"line":1,"column":46},"end":{"line":25,"column":1}},"line":1},"1":{"name":"(anonymous_1)","decl":{"start":{"line":2,"column":9},"end":{"line":2,"column":10}},"loc":{"start":{"line":2,"column":35},"end":{"line":24,"column":3}},"line":2},"2":{"name":"(anonymous_2)","decl":{"start":{"line":9,"column":39},"end":{"line":9,"column":40}},"loc":{"start":{"line":9,"column":49},"end":{"line":12,"column":9}},"line":9}},"branchMap":{"0":{"loc":{"start":{"line":1,"column":26},"end":{"line":1,"column":41}},"type":"default-arg","locations":[{"start":{"line":1,"column":35},"end":{"line":1,"column":41}}],"line":1},"1":{"loc":{"start":{"line":8,"column":6},"end":{"line":18,"column":7}},"type":"if","locations":[{"start":{"line":8,"column":6},"end":{"line":18,"column":7}},{"start":{},"end":{}}],"line":8},"2":{"loc":{"start":{"line":21,"column":15},"end":{"line":21,"column":48}},"type":"binary-expr","locations":[{"start":{"line":21,"column":15},"end":{"line":21,"column":28}},{"start":{"line":21,"column":32},"end":{"line":21,"column":48}}],"line":21}},"s":{"0":8,"1":64,"2":16,"3":16,"4":16,"5":13,"6":3,"7":3,"8":7,"9":3,"10":0,"11":8},"f":{"0":64,"1":16,"2":7},"b":{"0":[64],"1":[3,0],"2":[0,0]},"_coverageSchema":"1a1c01bbd47fc00a2c39e90264f33305004495a9","hash":"f9c78e164405df49b45455f51b1fd3546b73eb93"}
,"/home/oem/Desktop/Seguridad-y-Calidad/BACKEND/src/routes/audit.js": {"path":"/home/oem/Desktop/Seguridad-y-Calidad/BACKEND/src/routes/audit.js","statementMap":{"0":{"start":{"line":1,"column":16},"end":{"line":1,"column":34}},"1":{"start":{"line":2,"column":17},"end":{"line":2,"column":33}},"2":{"start":{"line":3,"column":12},"end":{"line":3,"column":35}},"3":{"start":{"line":5,"column":15},"end":{"line":5,"column":31}},"4":{"start":{"line":6,"column":19},"end":{"line":6,"column":55}},"5":{"start":{"line":9,"column":15},"end":{"line":9,"column":46}},"6":{"start":{"line":10,"column":2},"end":{"line":10,"column":47}},"7":{"start":{"line":10,"column":35},"end":{"line":10,"column":47}},"8":{"start":{"line":11,"column":2},"end":{"line":16,"column":3}},"9":{"start":{"line":12,"column":18},"end":{"line":12,"column":35}},"10":{"start":{"line":13,"column":4},"end":{"line":13,"column":41}},"11":{"start":{"line":15,"column":4},"end":{"line":15,"column":16}},"12":{"start":{"line":19,"column":0},"end":{"line":44,"column":3}},"13":{"start":{"line":20,"column":31},"end":{"line":20,"column":39}},"14":{"start":{"line":21,"column":2},"end":{"line":43,"column":3}},"15":{"start":{"line":22,"column":21},"end":{"line":22,"column":47}},"16":{"start":{"line":23,"column":4},"end":{"line":28,"column":5}},"17":{"start":{"line":24,"column":6},"end":{"line":27,"column":9}},"18":{"start":{"line":29,"column":23},"end":{"line":29,"column":67}},"19":{"start":{"line":30,"column":19},"end":{"line":33,"column":5}},"20":{"start":{"line":34,"column":4},"end":{"line":34,"column":41}},"21":{"start":{"line":36,"column":4},"end":{"line":36,"column":23}},"22":{"start":{"line":37,"column":4},"end":{"line":42,"column":9}},"23":{"start":{"line":46,"column":0},"end":{"line":110,"column":3}},"24":{"start":{"line":47,"column":2},"end":{"line":109,"column":3}},"25":{"start":{"line":48,"column":21},"end":{"line":48,"column":47}},"26":{"start":{"line":49,"column":4},"end":{"line":54,"column":5}},"27":{"start":{"line":50,"column":6},"end":{"line":53,"column":9}},"28":{"start":{"line":59,"column":4},"end":{"line":98,"column":5}},"29":{"start":{"line":60,"column":6},"end":{"line":68,"column":8}},"30":{"start":{"line":72,"column":30},"end":{"line":78,"column":7}},"31":{"start":{"line":79,"column":24},"end":{"line":79,"column":65}},"32":{"start":{"line":79,"column":56},"end":{"line":79,"column":64}},"33":{"start":{"line":80,"column":22},"end":{"line":80,"column":49}},"34":{"start":{"line":83,"column":6},"end":{"line":89,"column":7}},"35":{"start":{"line":84,"column":8},"end":{"line":88,"column":11}},"36":{"start":{"line":92,"column":6},"end":{"line":97,"column":8}},"37":{"start":{"line":100,"column":4},"end":{"line":100,"column":26}},"38":{"start":{"line":102,"column":4},"end":{"line":102,"column":23}},"39":{"start":{"line":103,"column":4},"end":{"line":108,"column":9}},"40":{"start":{"line":112,"column":0},"end":{"line":112,"column":24}}},"fnMap":{"0":{"name":"getUserFromAuthHeader","decl":{"start":{"line":8,"column":9},"end":{"line":8,"column":30}},"loc":{"start":{"line":8,"column":36},"end":{"line":17,"column":1}},"line":8},"1":{"name":"(anonymous_1)","decl":{"start":{"line":19,"column":17},"end":{"line":19,"column":18}},"loc":{"start":{"line":19,"column":37},"end":{"line":44,"column":1}},"line":19},"2":{"name":"(anonymous_2)","decl":{"start":{"line":46,"column":16},"end":{"line":46,"column":17}},"loc":{"start":{"line":46,"column":36},"end":{"line":110,"column":1}},"line":46},"3":{"name":"(anonymous_3)","decl":{"start":{"line":79,"column":49},"end":{"line":79,"column":50}},"loc":{"start":{"line":79,"column":56},"end":{"line":79,"column":64}},"line":79}},"branchMap":{"0":{"loc":{"start":{"line":6,"column":19},"end":{"line":6,"column":55}},"type":"binary-expr","locations":[{"start":{"line":6,"column":19},"end":{"line":6,"column":41}},{"start":{"line":6,"column":45},"end":{"line":6,"column":55}}],"line":6},"1":{"loc":{"start":{"line":9,"column":15},"end":{"line":9,"column":46}},"type":"binary-expr","locations":[{"start":{"line":9,"column":15},"end":{"line":9,"column":40}},{"start":{"line":9,"column":44},"end":{"line":9,"column":46}}],"line":9},"2":{"loc":{"start":{"line":10,"column":2},"end":{"line":10,"column":47}},"type":"if","locations":[{"start":{"line":10,"column":2},"end":{"line":10,"column":47}},{"start":{},"end":{}}],"line":10},"3":{"loc":{"start":{"line":23,"column":4},"end":{"line":28,"column":5}},"type":"if","locations":[{"start":{"line":23,"column":4},"end":{"line":28,"column":5}},{"start":{},"end":{}}],"line":23},"4":{"loc":{"start":{"line":29,"column":23},"end":{"line":29,"column":67}},"type":"cond-expr","locations":[{"start":{"line":29,"column":34},"end":{"line":29,"column":58}},{"start":{"line":29,"column":61},"end":{"line":29,"column":67}}],"line":29},"5":{"loc":{"start":{"line":32,"column":7},"end":{"line":32,"column":34}},"type":"binary-expr","locations":[{"start":{"line":32,"column":7},"end":{"line":32,"column":26}},{"start":{"line":32,"column":30},"end":{"line":32,"column":34}}],"line":32},"6":{"loc":{"start":{"line":41,"column":15},"end":{"line":41,"column":44}},"type":"binary-expr","locations":[{"start":{"line":41,"column":15},"end":{"line":41,"column":26}},{"start":{"line":41,"column":30},"end":{"line":41,"column":44}}],"line":41},"7":{"loc":{"start":{"line":49,"column":4},"end":{"line":54,"column":5}},"type":"if","locations":[{"start":{"line":49,"column":4},"end":{"line":54,"column":5}},{"start":{},"end":{}}],"line":49},"8":{"loc":{"start":{"line":59,"column":4},"end":{"line":98,"column":5}},"type":"if","locations":[{"start":{"line":59,"column":4},"end":{"line":98,"column":5}},{"start":{"line":69,"column":11},"end":{"line":98,"column":5}}],"line":59},"9":{"loc":{"start":{"line":83,"column":6},"end":{"line":89,"column":7}},"type":"if","locations":[{"start":{"line":83,"column":6},"end":{"line":89,"column":7}},{"start":{},"end":{}}],"line":83},"10":{"loc":{"start":{"line":107,"column":15},"end":{"line":107,"column":44}},"type":"binary-expr","locations":[{"start":{"line":107,"column":15},"end":{"line":107,"column":26}},{"start":{"line":107,"column":30},"end":{"line":107,"column":44}}],"line":107}},"s":{"0":8,"1":8,"2":8,"3":8,"4":8,"5":2,"6":2,"7":2,"8":0,"9":0,"10":0,"11":0,"12":8,"13":0,"14":0,"15":0,"16":0,"17":0,"18":0,"19":0,"20":0,"21":0,"22":0,"23":8,"24":2,"25":2,"26":2,"27":2,"28":0,"29":0,"30":0,"31":0,"32":0,"33":0,"34":0,"35":0,"36":0,"37":0,"38":0,"39":0,"40":8},"f":{"0":2,"1":0,"2":2,"3":0},"b":{"0":[8,8],"1":[2,2],"2":[2,0],"3":[0,0],"4":[0,0],"5":[0,0],"6":[0,0],"7":[2,0],"8":[0,0],"9":[0,0],"10":[0,0]},"_coverageSchema":"1a1c01bbd47fc00a2c39e90264f33305004495a9","hash":"f80fb9a86618e83c9a53e029d92b59e703ac13c7"}
,"/home/oem/Desktop/Seguridad-y-Calidad/BACKEND/src/routes/auth.js": {"path":"/home/oem/Desktop/Seguridad-y-Calidad/BACKEND/src/routes/auth.js","statementMap":{"0":{"start":{"line":1,"column":16},"end":{"line":1,"column":34}},"1":{"start":{"line":2,"column":12},"end":{"line":2,"column":35}},"2":{"start":{"line":3,"column":17},"end":{"line":3,"column":33}},"3":{"start":{"line":4,"column":17},"end":{"line":4,"column":50}},"4":{"start":{"line":5,"column":40},"end":{"line":5,"column":70}},"5":{"start":{"line":6,"column":25},"end":{"line":6,"column":48}},"6":{"start":{"line":7,"column":15},"end":{"line":7,"column":31}},"7":{"start":{"line":8,"column":19},"end":{"line":8,"column":55}},"8":{"start":{"line":10,"column":0},"end":{"line":69,"column":3}},"9":{"start":{"line":11,"column":39},"end":{"line":11,"column":47}},"10":{"start":{"line":12,"column":2},"end":{"line":68,"column":3}},"11":{"start":{"line":13,"column":19},"end":{"line":16,"column":5}},"12":{"start":{"line":17,"column":4},"end":{"line":19,"column":5}},"13":{"start":{"line":18,"column":6},"end":{"line":18,"column":71}},"14":{"start":{"line":20,"column":17},"end":{"line":20,"column":31}},"15":{"start":{"line":21,"column":4},"end":{"line":23,"column":5}},"16":{"start":{"line":22,"column":6},"end":{"line":22,"column":71}},"17":{"start":{"line":26,"column":24},"end":{"line":32,"column":5}},"18":{"start":{"line":33,"column":18},"end":{"line":33,"column":77}},"19":{"start":{"line":33,"column":45},"end":{"line":33,"column":75}},"20":{"start":{"line":34,"column":22},"end":{"line":34,"column":63}},"21":{"start":{"line":35,"column":18},"end":{"line":35,"column":55}},"22":{"start":{"line":38,"column":27},"end":{"line":41,"column":5}},"23":{"start":{"line":42,"column":23},"end":{"line":42,"column":88}},"24":{"start":{"line":44,"column":18},"end":{"line":55,"column":5}},"25":{"start":{"line":57,"column":4},"end":{"line":60,"column":6}},"26":{"start":{"line":62,"column":4},"end":{"line":62,"column":24}},"27":{"start":{"line":64,"column":4},"end":{"line":64,"column":23}},"28":{"start":{"line":65,"column":4},"end":{"line":67,"column":79}},"29":{"start":{"line":71,"column":0},"end":{"line":166,"column":3}},"30":{"start":{"line":72,"column":52},"end":{"line":72,"column":60}},"31":{"start":{"line":73,"column":2},"end":{"line":165,"column":3}},"32":{"start":{"line":75,"column":26},"end":{"line":75,"column":56}},"33":{"start":{"line":78,"column":28},"end":{"line":78,"column":32}},"34":{"start":{"line":79,"column":4},"end":{"line":94,"column":5}},"35":{"start":{"line":80,"column":23},"end":{"line":83,"column":7}},"36":{"start":{"line":84,"column":6},"end":{"line":93,"column":7}},"37":{"start":{"line":85,"column":8},"end":{"line":85,"column":45}},"38":{"start":{"line":87,"column":8},"end":{"line":92,"column":9}},"39":{"start":{"line":88,"column":10},"end":{"line":91,"column":13}},"40":{"start":{"line":97,"column":25},"end":{"line":100,"column":5}},"41":{"start":{"line":101,"column":4},"end":{"line":106,"column":5}},"42":{"start":{"line":102,"column":6},"end":{"line":105,"column":9}},"43":{"start":{"line":109,"column":23},"end":{"line":112,"column":5}},"44":{"start":{"line":113,"column":17},"end":{"line":113,"column":35}},"45":{"start":{"line":116,"column":30},"end":{"line":118,"column":5}},"46":{"start":{"line":119,"column":4},"end":{"line":124,"column":5}},"47":{"start":{"line":120,"column":6},"end":{"line":123,"column":8}},"48":{"start":{"line":127,"column":4},"end":{"line":142,"column":5}},"49":{"start":{"line":128,"column":6},"end":{"line":141,"column":7}},"50":{"start":{"line":130,"column":8},"end":{"line":133,"column":10}},"51":{"start":{"line":136,"column":8},"end":{"line":140,"column":10}},"52":{"start":{"line":144,"column":4},"end":{"line":147,"column":6}},"53":{"start":{"line":149,"column":4},"end":{"line":152,"column":7}},"54":{"start":{"line":154,"column":4},"end":{"line":154,"column":23}},"55":{"start":{"line":155,"column":4},"end":{"line":160,"column":5}},"56":{"start":{"line":156,"column":6},"end":{"line":159,"column":9}},"57":{"start":{"line":161,"column":4},"end":{"line":164,"column":7}},"58":{"start":{"line":168,"column":0},"end":{"line":168,"column":24}}},"fnMap":{"0":{"name":"(anonymous_0)","decl":{"start":{"line":10,"column":45},"end":{"line":10,"column":46}},"loc":{"start":{"line":10,"column":65},"end":{"line":69,"column":1}},"line":10},"1":{"name":"(anonymous_1)","decl":{"start":{"line":33,"column":39},"end":{"line":33,"column":40}},"loc":{"start":{"line":33,"column":45},"end":{"line":33,"column":75}},"line":33},"2":{"name":"(anonymous_2)","decl":{"start":{"line":71,"column":51},"end":{"line":71,"column":52}},"loc":{"start":{"line":71,"column":71},"end":{"line":166,"column":1}},"line":71}},"branchMap":{"0":{"loc":{"start":{"line":8,"column":19},"end":{"line":8,"column":55}},"type":"binary-expr","locations":[{"start":{"line":8,"column":19},"end":{"line":8,"column":41}},{"start":{"line":8,"column":45},"end":{"line":8,"column":55}}],"line":8},"1":{"loc":{"start":{"line":17,"column":4},"end":{"line":19,"column":5}},"type":"if","locations":[{"start":{"line":17,"column":4},"end":{"line":19,"column":5}},{"start":{},"end":{}}],"line":17},"2":{"loc":{"start":{"line":21,"column":4},"end":{"line":23,"column":5}},"type":"if","locations":[{"start":{"line":21,"column":4},"end":{"line":23,"column":5}},{"start":{},"end":{}}],"line":21},"3":{"loc":{"start":{"line":34,"column":22},"end":{"line":34,"column":63}},"type":"cond-expr","locations":[{"start":{"line":34,"column":41},"end":{"line":34,"column":56}},{"start":{"line":34,"column":59},"end":{"line":34,"column":63}}],"line":34},"4":{"loc":{"start":{"line":35,"column":18},"end":{"line":35,"column":55}},"type":"cond-expr","locations":[{"start":{"line":35,"column":37},"end":{"line":35,"column":48}},{"start":{"line":35,"column":51},"end":{"line":35,"column":55}}],"line":35},"5":{"loc":{"start":{"line":42,"column":23},"end":{"line":42,"column":88}},"type":"cond-expr","locations":[{"start":{"line":42,"column":56},"end":{"line":42,"column":81}},{"start":{"line":42,"column":84},"end":{"line":42,"column":88}}],"line":42},"6":{"loc":{"start":{"line":67,"column":46},"end":{"line":67,"column":75}},"type":"binary-expr","locations":[{"start":{"line":67,"column":46},"end":{"line":67,"column":57}},{"start":{"line":67,"column":61},"end":{"line":67,"column":75}}],"line":67},"7":{"loc":{"start":{"line":75,"column":26},"end":{"line":75,"column":56}},"type":"cond-expr","locations":[{"start":{"line":75,"column":32},"end":{"line":75,"column":49}},{"start":{"line":75,"column":52},"end":{"line":75,"column":56}}],"line":75},"8":{"loc":{"start":{"line":79,"column":4},"end":{"line":94,"column":5}},"type":"if","locations":[{"start":{"line":79,"column":4},"end":{"line":94,"column":5}},{"start":{},"end":{}}],"line":79},"9":{"loc":{"start":{"line":84,"column":6},"end":{"line":93,"column":7}},"type":"if","locations":[{"start":{"line":84,"column":6},"end":{"line":93,"column":7}},{"start":{},"end":{}}],"line":84},"10":{"loc":{"start":{"line":87,"column":8},"end":{"line":92,"column":9}},"type":"if","locations":[{"start":{"line":87,"column":8},"end":{"line":92,"column":9}},{"start":{},"end":{}}],"line":87},"11":{"loc":{"start":{"line":101,"column":4},"end":{"line":106,"column":5}},"type":"if","locations":[{"start":{"line":101,"column":4},"end":{"line":106,"column":5}},{"start":{},"end":{}}],"line":101},"12":{"loc":{"start":{"line":119,"column":4},"end":{"line":124,"column":5}},"type":"if","locations":[{"start":{"line":119,"column":4},"end":{"line":124,"column":5}},{"start":{},"end":{}}],"line":119},"13":{"loc":{"start":{"line":127,"column":4},"end":{"line":142,"column":5}},"type":"if","locations":[{"start":{"line":127,"column":4},"end":{"line":142,"column":5}},{"start":{},"end":{}}],"line":127},"14":{"loc":{"start":{"line":128,"column":6},"end":{"line":141,"column":7}},"type":"if","locations":[{"start":{"line":128,"column":6},"end":{"line":141,"column":7}},{"start":{"line":134,"column":13},"end":{"line":141,"column":7}}],"line":128},"15":{"loc":{"start":{"line":155,"column":4},"end":{"line":160,"column":5}},"type":"if","locations":[{"start":{"line":155,"column":4},"end":{"line":160,"column":5}},{"start":{},"end":{}}],"line":155},"16":{"loc":{"start":{"line":163,"column":13},"end":{"line":163,"column":42}},"type":"binary-expr","locations":[{"start":{"line":163,"column":13},"end":{"line":163,"column":24}},{"start":{"line":163,"column":28},"end":{"line":163,"column":42}}],"line":163}},"s":{"0":8,"1":8,"2":8,"3":8,"4":8,"5":8,"6":8,"7":8,"8":8,"9":3,"10":3,"11":3,"12":3,"13":1,"14":2,"15":2,"16":1,"17":1,"18":1,"19":1,"20":1,"21":1,"22":1,"23":1,"24":1,"25":1,"26":1,"27":0,"28":0,"29":8,"30":2,"31":2,"32":2,"33":2,"34":2,"35":0,"36":0,"37":0,"38":0,"39":0,"40":2,"41":2,"42":1,"43":1,"44":1,"45":1,"46":1,"47":1,"48":1,"49":0,"50":0,"51":0,"52":1,"53":1,"54":0,"55":0,"56":0,"57":0,"58":8},"f":{"0":3,"1":1,"2":2},"b":{"0":[8,8],"1":[1,2],"2":[1,1],"3":[1,0],"4":[1,0],"5":[0,1],"6":[0,0],"7":[0,2],"8":[0,2],"9":[0,0],"10":[0,0],"11":[1,1],"12":[1,0],"13":[0,1],"14":[0,0],"15":[0,0],"16":[0,0]},"_coverageSchema":"1a1c01bbd47fc00a2c39e90264f33305004495a9","hash":"fc0c66d747160c2125bfe145b9d0b9733b4383a0"}
,"/home/oem/Desktop/Seguridad-y-Calidad/BACKEND/src/routes/documentos.js": {"path":"/home/oem/Desktop/Seguridad-y-Calidad/BACKEND/src/routes/documentos.js","statementMap":{"0":{"start":{"line":1,"column":16},"end":{"line":1,"column":34}},"1":{"start":{"line":2,"column":15},"end":{"line":2,"column":32}},"2":{"start":{"line":3,"column":17},"end":{"line":3,"column":33}},"3":{"start":{"line":4,"column":12},"end":{"line":4,"column":35}},"4":{"start":{"line":5,"column":24},"end":{"line":5,"column":54}},"5":{"start":{"line":6,"column":15},"end":{"line":6,"column":31}},"6":{"start":{"line":7,"column":19},"end":{"line":7,"column":55}},"7":{"start":{"line":10,"column":15},"end":{"line":28,"column":2}},"8":{"start":{"line":16,"column":25},"end":{"line":21,"column":5}},"9":{"start":{"line":22,"column":4},"end":{"line":26,"column":5}},"10":{"start":{"line":23,"column":6},"end":{"line":23,"column":21}},"11":{"start":{"line":25,"column":6},"end":{"line":25,"column":71}},"12":{"start":{"line":31,"column":15},"end":{"line":31,"column":46}},"13":{"start":{"line":32,"column":2},"end":{"line":32,"column":47}},"14":{"start":{"line":32,"column":35},"end":{"line":32,"column":47}},"15":{"start":{"line":33,"column":2},"end":{"line":38,"column":3}},"16":{"start":{"line":34,"column":18},"end":{"line":34,"column":35}},"17":{"start":{"line":35,"column":4},"end":{"line":35,"column":41}},"18":{"start":{"line":37,"column":4},"end":{"line":37,"column":16}},"19":{"start":{"line":42,"column":19},"end":{"line":42,"column":45}},"20":{"start":{"line":43,"column":2},"end":{"line":45,"column":3}},"21":{"start":{"line":44,"column":4},"end":{"line":44,"column":68}},"22":{"start":{"line":47,"column":2},"end":{"line":62,"column":5}},"23":{"start":{"line":54,"column":22},"end":{"line":54,"column":52}},"24":{"start":{"line":54,"column":43},"end":{"line":54,"column":51}},"25":{"start":{"line":55,"column":20},"end":{"line":55,"column":71}},"26":{"start":{"line":55,"column":46},"end":{"line":55,"column":70}},"27":{"start":{"line":56,"column":4},"end":{"line":58,"column":5}},"28":{"start":{"line":57,"column":6},"end":{"line":57,"column":53}},"29":{"start":{"line":59,"column":4},"end":{"line":59,"column":35}},"30":{"start":{"line":61,"column":4},"end":{"line":61,"column":62}},"31":{"start":{"line":66,"column":0},"end":{"line":118,"column":3}},"32":{"start":{"line":67,"column":2},"end":{"line":117,"column":3}},"33":{"start":{"line":68,"column":22},"end":{"line":68,"column":65}},"34":{"start":{"line":69,"column":4},"end":{"line":74,"column":5}},"35":{"start":{"line":70,"column":6},"end":{"line":73,"column":9}},"36":{"start":{"line":75,"column":25},"end":{"line":75,"column":34}},"37":{"start":{"line":77,"column":46},"end":{"line":77,"column":54}},"38":{"start":{"line":79,"column":4},"end":{"line":84,"column":5}},"39":{"start":{"line":80,"column":6},"end":{"line":83,"column":9}},"40":{"start":{"line":86,"column":4},"end":{"line":91,"column":5}},"41":{"start":{"line":87,"column":6},"end":{"line":90,"column":9}},"42":{"start":{"line":93,"column":19},"end":{"line":98,"column":5}},"43":{"start":{"line":100,"column":22},"end":{"line":100,"column":36}},"44":{"start":{"line":102,"column":4},"end":{"line":108,"column":6}},"45":{"start":{"line":110,"column":4},"end":{"line":110,"column":40}},"46":{"start":{"line":112,"column":4},"end":{"line":112,"column":23}},"47":{"start":{"line":113,"column":4},"end":{"line":116,"column":7}},"48":{"start":{"line":121,"column":0},"end":{"line":181,"column":3}},"49":{"start":{"line":122,"column":2},"end":{"line":180,"column":3}},"50":{"start":{"line":123,"column":21},"end":{"line":123,"column":47}},"51":{"start":{"line":125,"column":4},"end":{"line":130,"column":5}},"52":{"start":{"line":126,"column":6},"end":{"line":129,"column":9}},"53":{"start":{"line":133,"column":28},"end":{"line":139,"column":5}},"54":{"start":{"line":140,"column":22},"end":{"line":140,"column":61}},"55":{"start":{"line":140,"column":52},"end":{"line":140,"column":60}},"56":{"start":{"line":143,"column":4},"end":{"line":163,"column":5}},"57":{"start":{"line":144,"column":27},"end":{"line":150,"column":7}},"58":{"start":{"line":151,"column":6},"end":{"line":157,"column":7}},"59":{"start":{"line":153,"column":8},"end":{"line":156,"column":11}},"60":{"start":{"line":158,"column":11},"end":{"line":163,"column":5}},"61":{"start":{"line":159,"column":6},"end":{"line":162,"column":9}},"62":{"start":{"line":165,"column":19},"end":{"line":171,"column":5}},"63":{"start":{"line":173,"column":4},"end":{"line":173,"column":26}},"64":{"start":{"line":175,"column":4},"end":{"line":175,"column":23}},"65":{"start":{"line":176,"column":4},"end":{"line":179,"column":7}},"66":{"start":{"line":184,"column":0},"end":{"line":260,"column":3}},"67":{"start":{"line":185,"column":2},"end":{"line":259,"column":3}},"68":{"start":{"line":186,"column":21},"end":{"line":186,"column":47}},"69":{"start":{"line":188,"column":4},"end":{"line":193,"column":5}},"70":{"start":{"line":189,"column":6},"end":{"line":192,"column":9}},"71":{"start":{"line":196,"column":28},"end":{"line":202,"column":5}},"72":{"start":{"line":203,"column":22},"end":{"line":203,"column":61}},"73":{"start":{"line":203,"column":52},"end":{"line":203,"column":60}},"74":{"start":{"line":206,"column":22},"end":{"line":213,"column":5}},"75":{"start":{"line":215,"column":4},"end":{"line":217,"column":5}},"76":{"start":{"line":216,"column":6},"end":{"line":216,"column":62}},"77":{"start":{"line":219,"column":22},"end":{"line":219,"column":39}},"78":{"start":{"line":222,"column":4},"end":{"line":234,"column":5}},"79":{"start":{"line":223,"column":6},"end":{"line":228,"column":7}},"80":{"start":{"line":224,"column":8},"end":{"line":227,"column":11}},"81":{"start":{"line":229,"column":11},"end":{"line":234,"column":5}},"82":{"start":{"line":230,"column":6},"end":{"line":233,"column":9}},"83":{"start":{"line":237,"column":22},"end":{"line":237,"column":77}},"84":{"start":{"line":238,"column":22},"end":{"line":238,"column":39}},"85":{"start":{"line":239,"column":4},"end":{"line":245,"column":5}},"86":{"start":{"line":240,"column":6},"end":{"line":240,"column":33}},"87":{"start":{"line":241,"column":11},"end":{"line":245,"column":5}},"88":{"start":{"line":242,"column":6},"end":{"line":242,"column":32}},"89":{"start":{"line":243,"column":11},"end":{"line":245,"column":5}},"90":{"start":{"line":244,"column":6},"end":{"line":244,"column":38}},"91":{"start":{"line":247,"column":4},"end":{"line":247,"column":47}},"92":{"start":{"line":248,"column":4},"end":{"line":251,"column":6}},"93":{"start":{"line":252,"column":4},"end":{"line":252,"column":34}},"94":{"start":{"line":254,"column":4},"end":{"line":254,"column":23}},"95":{"start":{"line":255,"column":4},"end":{"line":258,"column":7}},"96":{"start":{"line":263,"column":0},"end":{"line":298,"column":3}},"97":{"start":{"line":264,"column":2},"end":{"line":297,"column":3}},"98":{"start":{"line":265,"column":22},"end":{"line":265,"column":55}},"99":{"start":{"line":266,"column":4},"end":{"line":271,"column":5}},"100":{"start":{"line":267,"column":6},"end":{"line":270,"column":9}},"101":{"start":{"line":272,"column":25},"end":{"line":272,"column":34}},"102":{"start":{"line":274,"column":19},"end":{"line":277,"column":5}},"103":{"start":{"line":279,"column":4},"end":{"line":280,"column":62}},"104":{"start":{"line":280,"column":6},"end":{"line":280,"column":62}},"105":{"start":{"line":282,"column":4},"end":{"line":288,"column":6}},"106":{"start":{"line":290,"column":4},"end":{"line":290,"column":32}},"107":{"start":{"line":292,"column":4},"end":{"line":292,"column":23}},"108":{"start":{"line":293,"column":4},"end":{"line":296,"column":7}},"109":{"start":{"line":300,"column":0},"end":{"line":300,"column":24}}},"fnMap":{"0":{"name":"(anonymous_0)","decl":{"start":{"line":15,"column":14},"end":{"line":15,"column":15}},"loc":{"start":{"line":15,"column":33},"end":{"line":27,"column":3}},"line":15},"1":{"name":"getUserFromAuthHeader","decl":{"start":{"line":30,"column":9},"end":{"line":30,"column":30}},"loc":{"start":{"line":30,"column":36},"end":{"line":39,"column":1}},"line":30},"2":{"name":"requireRole","decl":{"start":{"line":41,"column":9},"end":{"line":41,"column":20}},"loc":{"start":{"line":41,"column":40},"end":{"line":63,"column":1}},"line":41},"3":{"name":"(anonymous_3)","decl":{"start":{"line":53,"column":9},"end":{"line":53,"column":10}},"loc":{"start":{"line":53,"column":19},"end":{"line":60,"column":3}},"line":53},"4":{"name":"(anonymous_4)","decl":{"start":{"line":54,"column":38},"end":{"line":54,"column":39}},"loc":{"start":{"line":54,"column":43},"end":{"line":54,"column":51}},"line":54},"5":{"name":"(anonymous_5)","decl":{"start":{"line":55,"column":38},"end":{"line":55,"column":39}},"loc":{"start":{"line":55,"column":46},"end":{"line":55,"column":70}},"line":55},"6":{"name":"(anonymous_6)","decl":{"start":{"line":60,"column":11},"end":{"line":60,"column":12}},"loc":{"start":{"line":60,"column":18},"end":{"line":62,"column":3}},"line":60},"7":{"name":"(anonymous_7)","decl":{"start":{"line":66,"column":68},"end":{"line":66,"column":69}},"loc":{"start":{"line":66,"column":88},"end":{"line":118,"column":1}},"line":66},"8":{"name":"(anonymous_8)","decl":{"start":{"line":121,"column":33},"end":{"line":121,"column":34}},"loc":{"start":{"line":121,"column":53},"end":{"line":181,"column":1}},"line":121},"9":{"name":"(anonymous_9)","decl":{"start":{"line":140,"column":47},"end":{"line":140,"column":48}},"loc":{"start":{"line":140,"column":52},"end":{"line":140,"column":60}},"line":140},"10":{"name":"(anonymous_10)","decl":{"start":{"line":184,"column":19},"end":{"line":184,"column":20}},"loc":{"start":{"line":184,"column":39},"end":{"line":260,"column":1}},"line":184},"11":{"name":"(anonymous_11)","decl":{"start":{"line":203,"column":47},"end":{"line":203,"column":48}},"loc":{"start":{"line":203,"column":52},"end":{"line":203,"column":60}},"line":203},"12":{"name":"(anonymous_12)","decl":{"start":{"line":263,"column":22},"end":{"line":263,"column":23}},"loc":{"start":{"line":263,"column":42},"end":{"line":298,"column":1}},"line":263}},"branchMap":{"0":{"loc":{"start":{"line":7,"column":19},"end":{"line":7,"column":55}},"type":"binary-expr","locations":[{"start":{"line":7,"column":19},"end":{"line":7,"column":41}},{"start":{"line":7,"column":45},"end":{"line":7,"column":55}}],"line":7},"1":{"loc":{"start":{"line":22,"column":4},"end":{"line":26,"column":5}},"type":"if","locations":[{"start":{"line":22,"column":4},"end":{"line":26,"column":5}},{"start":{"line":24,"column":11},"end":{"line":26,"column":5}}],"line":22},"2":{"loc":{"start":{"line":31,"column":15},"end":{"line":31,"column":46}},"type":"binary-expr","locations":[{"start":{"line":31,"column":15},"end":{"line":31,"column":40}},{"start":{"line":31,"column":44},"end":{"line":31,"column":46}}],"line":31},"3":{"loc":{"start":{"line":32,"column":2},"end":{"line":32,"column":47}},"type":"if","locations":[{"start":{"line":32,"column":2},"end":{"line":32,"column":47}},{"start":{},"end":{}}],"line":32},"4":{"loc":{"start":{"line":43,"column":2},"end":{"line":45,"column":3}},"type":"if","locations":[{"start":{"line":43,"column":2},"end":{"line":45,"column":3}},{"start":{},"end":{}}],"line":43},"5":{"loc":{"start":{"line":56,"column":4},"end":{"line":58,"column":5}},"type":"if","locations":[{"start":{"line":56,"column":4},"end":{"line":58,"column":5}},{"start":{},"end":{}}],"line":56},"6":{"loc":{"start":{"line":69,"column":4},"end":{"line":74,"column":5}},"type":"if","locations":[{"start":{"line":69,"column":4},"end":{"line":74,"column":5}},{"start":{},"end":{}}],"line":69},"7":{"loc":{"start":{"line":79,"column":4},"end":{"line":84,"column":5}},"type":"if","locations":[{"start":{"line":79,"column":4},"end":{"line":84,"column":5}},{"start":{},"end":{}}],"line":79},"8":{"loc":{"start":{"line":79,"column":8},"end":{"line":79,"column":41}},"type":"binary-expr","locations":[{"start":{"line":79,"column":8},"end":{"line":79,"column":25}},{"start":{"line":79,"column":29},"end":{"line":79,"column":41}}],"line":79},"9":{"loc":{"start":{"line":86,"column":4},"end":{"line":91,"column":5}},"type":"if","locations":[{"start":{"line":86,"column":4},"end":{"line":91,"column":5}},{"start":{},"end":{}}],"line":86},"10":{"loc":{"start":{"line":105,"column":8},"end":{"line":105,"column":35}},"type":"binary-expr","locations":[{"start":{"line":105,"column":8},"end":{"line":105,"column":27}},{"start":{"line":105,"column":31},"end":{"line":105,"column":35}}],"line":105},"11":{"loc":{"start":{"line":115,"column":13},"end":{"line":115,"column":42}},"type":"binary-expr","locations":[{"start":{"line":115,"column":13},"end":{"line":115,"column":24}},{"start":{"line":115,"column":28},"end":{"line":115,"column":42}}],"line":115},"12":{"loc":{"start":{"line":125,"column":4},"end":{"line":130,"column":5}},"type":"if","locations":[{"start":{"line":125,"column":4},"end":{"line":130,"column":5}},{"start":{},"end":{}}],"line":125},"13":{"loc":{"start":{"line":143,"column":4},"end":{"line":163,"column":5}},"type":"if","locations":[{"start":{"line":143,"column":4},"end":{"line":163,"column":5}},{"start":{"line":158,"column":11},"end":{"line":163,"column":5}}],"line":143},"14":{"loc":{"start":{"line":151,"column":6},"end":{"line":157,"column":7}},"type":"if","locations":[{"start":{"line":151,"column":6},"end":{"line":157,"column":7}},{"start":{},"end":{}}],"line":151},"15":{"loc":{"start":{"line":151,"column":10},"end":{"line":152,"column":64}},"type":"binary-expr","locations":[{"start":{"line":151,"column":10},"end":{"line":151,"column":40}},{"start":{"line":152,"column":10},"end":{"line":152,"column":64}}],"line":151},"16":{"loc":{"start":{"line":158,"column":11},"end":{"line":163,"column":5}},"type":"if","locations":[{"start":{"line":158,"column":11},"end":{"line":163,"column":5}},{"start":{},"end":{}}],"line":158},"17":{"loc":{"start":{"line":158,"column":15},"end":{"line":158,"column":76}},"type":"binary-expr","locations":[{"start":{"line":158,"column":15},"end":{"line":158,"column":44}},{"start":{"line":158,"column":48},"end":{"line":158,"column":76}}],"line":158},"18":{"loc":{"start":{"line":178,"column":13},"end":{"line":178,"column":42}},"type":"binary-expr","locations":[{"start":{"line":178,"column":13},"end":{"line":178,"column":24}},{"start":{"line":178,"column":28},"end":{"line":178,"column":42}}],"line":178},"19":{"loc":{"start":{"line":188,"column":4},"end":{"line":193,"column":5}},"type":"if","locations":[{"start":{"line":188,"column":4},"end":{"line":193,"column":5}},{"start":{},"end":{}}],"line":188},"20":{"loc":{"start":{"line":215,"column":4},"end":{"line":217,"column":5}},"type":"if","locations":[{"start":{"line":215,"column":4},"end":{"line":217,"column":5}},{"start":{},"end":{}}],"line":215},"21":{"loc":{"start":{"line":222,"column":4},"end":{"line":234,"column":5}},"type":"if","locations":[{"start":{"line":222,"column":4},"end":{"line":234,"column":5}},{"start":{"line":229,"column":11},"end":{"line":234,"column":5}}],"line":222},"22":{"loc":{"start":{"line":223,"column":6},"end":{"line":228,"column":7}},"type":"if","locations":[{"start":{"line":223,"column":6},"end":{"line":228,"column":7}},{"start":{},"end":{}}],"line":223},"23":{"loc":{"start":{"line":229,"column":11},"end":{"line":234,"column":5}},"type":"if","locations":[{"start":{"line":229,"column":11},"end":{"line":234,"column":5}},{"start":{},"end":{}}],"line":229},"24":{"loc":{"start":{"line":229,"column":15},"end":{"line":229,"column":76}},"type":"binary-expr","locations":[{"start":{"line":229,"column":15},"end":{"line":229,"column":44}},{"start":{"line":229,"column":48},"end":{"line":229,"column":76}}],"line":229},"25":{"loc":{"start":{"line":239,"column":4},"end":{"line":245,"column":5}},"type":"if","locations":[{"start":{"line":239,"column":4},"end":{"line":245,"column":5}},{"start":{"line":241,"column":11},"end":{"line":245,"column":5}}],"line":239},"26":{"loc":{"start":{"line":241,"column":11},"end":{"line":245,"column":5}},"type":"if","locations":[{"start":{"line":241,"column":11},"end":{"line":245,"column":5}},{"start":{"line":243,"column":11},"end":{"line":245,"column":5}}],"line":241},"27":{"loc":{"start":{"line":243,"column":11},"end":{"line":245,"column":5}},"type":"if","locations":[{"start":{"line":243,"column":11},"end":{"line":245,"column":5}},{"start":{},"end":{}}],"line":243},"28":{"loc":{"start":{"line":257,"column":13},"end":{"line":257,"column":42}},"type":"binary-expr","locations":[{"start":{"line":257,"column":13},"end":{"line":257,"column":24}},{"start":{"line":257,"column":28},"end":{"line":257,"column":42}}],"line":257},"29":{"loc":{"start":{"line":266,"column":4},"end":{"line":271,"column":5}},"type":"if","locations":[{"start":{"line":266,"column":4},"end":{"line":271,"column":5}},{"start":{},"end":{}}],"line":266},"30":{"loc":{"start":{"line":279,"column":4},"end":{"line":280,"column":62}},"type":"if","locations":[{"start":{"line":279,"column":4},"end":{"line":280,"column":62}},{"start":{},"end":{}}],"line":279},"31":{"loc":{"start":{"line":285,"column":8},"end":{"line":285,"column":35}},"type":"binary-expr","locations":[{"start":{"line":285,"column":8},"end":{"line":285,"column":27}},{"start":{"line":285,"column":31},"end":{"line":285,"column":35}}],"line":285},"32":{"loc":{"start":{"line":295,"column":13},"end":{"line":295,"column":42}},"type":"binary-expr","locations":[{"start":{"line":295,"column":13},"end":{"line":295,"column":24}},{"start":{"line":295,"column":28},"end":{"line":295,"column":42}}],"line":295}},"s":{"0":8,"1":8,"2":8,"3":8,"4":8,"5":8,"6":8,"7":8,"8":3,"9":3,"10":3,"11":0,"12":7,"13":7,"14":2,"15":5,"16":5,"17":5,"18":0,"19":4,"20":4,"21":1,"22":3,"23":3,"24":3,"25":3,"26":4,"27":3,"28":1,"29":2,"30":0,"31":8,"32":4,"33":4,"34":4,"35":2,"36":2,"37":2,"38":2,"39":0,"40":2,"41":1,"42":1,"43":1,"44":1,"45":1,"46":0,"47":0,"48":8,"49":2,"50":2,"51":2,"52":1,"53":1,"54":1,"55":1,"56":1,"57":0,"58":0,"59":0,"60":1,"61":0,"62":1,"63":1,"64":0,"65":0,"66":8,"67":1,"68":1,"69":1,"70":0,"71":1,"72":1,"73":1,"74":1,"75":1,"76":0,"77":1,"78":1,"79":0,"80":0,"81":1,"82":0,"83":1,"84":1,"85":1,"86":0,"87":1,"88":0,"89":1,"90":1,"91":1,"92":1,"93":1,"94":0,"95":0,"96":8,"97":0,"98":0,"99":0,"100":0,"101":0,"102":0,"103":0,"104":0,"105":0,"106":0,"107":0,"108":0,"109":8},"f":{"0":3,"1":7,"2":4,"3":3,"4":3,"5":4,"6":0,"7":4,"8":2,"9":1,"10":1,"11":1,"12":0},"b":{"0":[8,8],"1":[3,0],"2":[7,2],"3":[2,5],"4":[1,3],"5":[1,2],"6":[2,2],"7":[0,2],"8":[2,2],"9":[1,1],"10":[1,0],"11":[0,0],"12":[1,1],"13":[0,1],"14":[0,0],"15":[0,0],"16":[0,1],"17":[1,0],"18":[0,0],"19":[0,1],"20":[0,1],"21":[0,1],"22":[0,0],"23":[0,1],"24":[1,0],"25":[0,1],"26":[0,1],"27":[1,0],"28":[0,0],"29":[0,0],"30":[0,0],"31":[0,0],"32":[0,0]},"_coverageSchema":"1a1c01bbd47fc00a2c39e90264f33305004495a9","hash":"dabae5ae403412bba47083b7ed12fba827d5a84e"}
,"/home/oem/Desktop/Seguridad-y-Calidad/BACKEND/src/routes/examenes.js": {"path":"/home/oem/Desktop/Seguridad-y-Calidad/BACKEND/src/routes/examenes.js","statementMap":{"0":{"start":{"line":1,"column":16},"end":{"line":1,"column":34}},"1":{"start":{"line":2,"column":17},"end":{"line":2,"column":33}},"2":{"start":{"line":3,"column":12},"end":{"line":3,"column":35}},"3":{"start":{"line":4,"column":17},"end":{"line":4,"column":50}},"4":{"start":{"line":5,"column":24},"end":{"line":5,"column":54}},"5":{"start":{"line":6,"column":57},"end":{"line":6,"column":91}},"6":{"start":{"line":7,"column":15},"end":{"line":7,"column":31}},"7":{"start":{"line":8,"column":19},"end":{"line":8,"column":55}},"8":{"start":{"line":11,"column":15},"end":{"line":11,"column":46}},"9":{"start":{"line":12,"column":2},"end":{"line":12,"column":47}},"10":{"start":{"line":12,"column":35},"end":{"line":12,"column":47}},"11":{"start":{"line":13,"column":2},"end":{"line":18,"column":3}},"12":{"start":{"line":14,"column":18},"end":{"line":14,"column":35}},"13":{"start":{"line":15,"column":4},"end":{"line":15,"column":41}},"14":{"start":{"line":17,"column":4},"end":{"line":17,"column":16}},"15":{"start":{"line":22,"column":19},"end":{"line":22,"column":45}},"16":{"start":{"line":23,"column":2},"end":{"line":25,"column":3}},"17":{"start":{"line":24,"column":4},"end":{"line":24,"column":68}},"18":{"start":{"line":27,"column":2},"end":{"line":42,"column":5}},"19":{"start":{"line":34,"column":22},"end":{"line":34,"column":52}},"20":{"start":{"line":34,"column":43},"end":{"line":34,"column":51}},"21":{"start":{"line":35,"column":20},"end":{"line":35,"column":71}},"22":{"start":{"line":35,"column":46},"end":{"line":35,"column":70}},"23":{"start":{"line":36,"column":4},"end":{"line":38,"column":5}},"24":{"start":{"line":37,"column":6},"end":{"line":37,"column":53}},"25":{"start":{"line":39,"column":4},"end":{"line":39,"column":35}},"26":{"start":{"line":41,"column":4},"end":{"line":41,"column":62}},"27":{"start":{"line":46,"column":0},"end":{"line":96,"column":3}},"28":{"start":{"line":47,"column":2},"end":{"line":95,"column":3}},"29":{"start":{"line":48,"column":22},"end":{"line":48,"column":65}},"30":{"start":{"line":49,"column":4},"end":{"line":54,"column":5}},"31":{"start":{"line":50,"column":6},"end":{"line":53,"column":9}},"32":{"start":{"line":55,"column":25},"end":{"line":55,"column":34}},"33":{"start":{"line":64,"column":8},"end":{"line":64,"column":16}},"34":{"start":{"line":66,"column":19},"end":{"line":78,"column":5}},"35":{"start":{"line":80,"column":4},"end":{"line":86,"column":6}},"36":{"start":{"line":88,"column":4},"end":{"line":88,"column":41}},"37":{"start":{"line":90,"column":4},"end":{"line":90,"column":23}},"38":{"start":{"line":91,"column":4},"end":{"line":94,"column":7}},"39":{"start":{"line":99,"column":0},"end":{"line":176,"column":3}},"40":{"start":{"line":100,"column":2},"end":{"line":175,"column":3}},"41":{"start":{"line":101,"column":21},"end":{"line":101,"column":47}},"42":{"start":{"line":102,"column":4},"end":{"line":107,"column":5}},"43":{"start":{"line":103,"column":6},"end":{"line":106,"column":9}},"44":{"start":{"line":110,"column":28},"end":{"line":116,"column":5}},"45":{"start":{"line":117,"column":22},"end":{"line":117,"column":61}},"46":{"start":{"line":117,"column":52},"end":{"line":117,"column":60}},"47":{"start":{"line":120,"column":23},"end":{"line":120,"column":54}},"48":{"start":{"line":121,"column":4},"end":{"line":126,"column":5}},"49":{"start":{"line":121,"column":32},"end":{"line":121,"column":57}},"50":{"start":{"line":122,"column":6},"end":{"line":125,"column":9}},"51":{"start":{"line":128,"column":16},"end":{"line":139,"column":5}},"52":{"start":{"line":140,"column":24},"end":{"line":140,"column":26}},"53":{"start":{"line":141,"column":21},"end":{"line":141,"column":22}},"54":{"start":{"line":144,"column":4},"end":{"line":162,"column":5}},"55":{"start":{"line":146,"column":29},"end":{"line":149,"column":7}},"56":{"start":{"line":151,"column":6},"end":{"line":156,"column":7}},"57":{"start":{"line":152,"column":8},"end":{"line":155,"column":11}},"58":{"start":{"line":158,"column":25},"end":{"line":158,"column":50}},"59":{"start":{"line":159,"column":6},"end":{"line":159,"column":56}},"60":{"start":{"line":160,"column":6},"end":{"line":160,"column":35}},"61":{"start":{"line":161,"column":6},"end":{"line":161,"column":19}},"62":{"start":{"line":164,"column":4},"end":{"line":164,"column":44}},"63":{"start":{"line":166,"column":19},"end":{"line":166,"column":55}},"64":{"start":{"line":168,"column":4},"end":{"line":168,"column":26}},"65":{"start":{"line":170,"column":4},"end":{"line":170,"column":23}},"66":{"start":{"line":171,"column":4},"end":{"line":174,"column":7}},"67":{"start":{"line":179,"column":0},"end":{"line":259,"column":3}},"68":{"start":{"line":180,"column":2},"end":{"line":258,"column":3}},"69":{"start":{"line":181,"column":21},"end":{"line":181,"column":47}},"70":{"start":{"line":182,"column":4},"end":{"line":187,"column":5}},"71":{"start":{"line":183,"column":6},"end":{"line":186,"column":9}},"72":{"start":{"line":190,"column":28},"end":{"line":196,"column":5}},"73":{"start":{"line":197,"column":22},"end":{"line":197,"column":61}},"74":{"start":{"line":197,"column":52},"end":{"line":197,"column":60}},"75":{"start":{"line":200,"column":23},"end":{"line":200,"column":54}},"76":{"start":{"line":201,"column":4},"end":{"line":206,"column":5}},"77":{"start":{"line":201,"column":32},"end":{"line":201,"column":57}},"78":{"start":{"line":202,"column":6},"end":{"line":205,"column":9}},"79":{"start":{"line":208,"column":16},"end":{"line":220,"column":5}},"80":{"start":{"line":221,"column":24},"end":{"line":221,"column":39}},"81":{"start":{"line":224,"column":4},"end":{"line":241,"column":5}},"82":{"start":{"line":226,"column":29},"end":{"line":229,"column":7}},"83":{"start":{"line":231,"column":6},"end":{"line":236,"column":7}},"84":{"start":{"line":232,"column":8},"end":{"line":235,"column":11}},"85":{"start":{"line":238,"column":25},"end":{"line":238,"column":50}},"86":{"start":{"line":239,"column":6},"end":{"line":239,"column":42}},"87":{"start":{"line":240,"column":6},"end":{"line":240,"column":35}},"88":{"start":{"line":243,"column":19},"end":{"line":243,"column":55}},"89":{"start":{"line":245,"column":4},"end":{"line":249,"column":9}},"90":{"start":{"line":246,"column":6},"end":{"line":249,"column":9}},"91":{"start":{"line":251,"column":4},"end":{"line":251,"column":29}},"92":{"start":{"line":253,"column":4},"end":{"line":253,"column":23}},"93":{"start":{"line":254,"column":4},"end":{"line":257,"column":7}},"94":{"start":{"line":262,"column":0},"end":{"line":327,"column":3}},"95":{"start":{"line":263,"column":2},"end":{"line":326,"column":3}},"96":{"start":{"line":264,"column":21},"end":{"line":264,"column":47}},"97":{"start":{"line":267,"column":4},"end":{"line":301,"column":5}},"98":{"start":{"line":268,"column":30},"end":{"line":274,"column":7}},"99":{"start":{"line":275,"column":24},"end":{"line":275,"column":63}},"100":{"start":{"line":275,"column":54},"end":{"line":275,"column":62}},"101":{"start":{"line":277,"column":6},"end":{"line":295,"column":7}},"102":{"start":{"line":279,"column":31},"end":{"line":282,"column":9}},"103":{"start":{"line":283,"column":8},"end":{"line":289,"column":9}},"104":{"start":{"line":285,"column":10},"end":{"line":288,"column":13}},"105":{"start":{"line":290,"column":13},"end":{"line":295,"column":7}},"106":{"start":{"line":291,"column":8},"end":{"line":294,"column":11}},"107":{"start":{"line":297,"column":6},"end":{"line":300,"column":9}},"108":{"start":{"line":303,"column":19},"end":{"line":317,"column":5}},"109":{"start":{"line":319,"column":4},"end":{"line":319,"column":26}},"110":{"start":{"line":321,"column":4},"end":{"line":321,"column":23}},"111":{"start":{"line":322,"column":4},"end":{"line":325,"column":7}},"112":{"start":{"line":330,"column":0},"end":{"line":393,"column":3}},"113":{"start":{"line":331,"column":2},"end":{"line":392,"column":3}},"114":{"start":{"line":332,"column":22},"end":{"line":332,"column":65}},"115":{"start":{"line":333,"column":4},"end":{"line":338,"column":5}},"116":{"start":{"line":334,"column":6},"end":{"line":337,"column":9}},"117":{"start":{"line":339,"column":25},"end":{"line":339,"column":34}},"118":{"start":{"line":341,"column":25},"end":{"line":341,"column":27}},"119":{"start":{"line":342,"column":25},"end":{"line":342,"column":27}},"120":{"start":{"line":343,"column":21},"end":{"line":343,"column":22}},"121":{"start":{"line":345,"column":26},"end":{"line":352,"column":5}},"122":{"start":{"line":354,"column":4},"end":{"line":359,"column":5}},"123":{"start":{"line":355,"column":6},"end":{"line":358,"column":7}},"124":{"start":{"line":356,"column":8},"end":{"line":356,"column":55}},"125":{"start":{"line":357,"column":8},"end":{"line":357,"column":43}},"126":{"start":{"line":361,"column":4},"end":{"line":366,"column":5}},"127":{"start":{"line":362,"column":6},"end":{"line":365,"column":9}},"128":{"start":{"line":368,"column":4},"end":{"line":368,"column":37}},"129":{"start":{"line":369,"column":19},"end":{"line":372,"column":5}},"130":{"start":{"line":374,"column":4},"end":{"line":375,"column":62}},"131":{"start":{"line":375,"column":6},"end":{"line":375,"column":62}},"132":{"start":{"line":377,"column":4},"end":{"line":383,"column":6}},"133":{"start":{"line":385,"column":4},"end":{"line":385,"column":29}},"134":{"start":{"line":387,"column":4},"end":{"line":387,"column":23}},"135":{"start":{"line":388,"column":4},"end":{"line":391,"column":7}},"136":{"start":{"line":396,"column":0},"end":{"line":431,"column":3}},"137":{"start":{"line":397,"column":2},"end":{"line":430,"column":3}},"138":{"start":{"line":398,"column":22},"end":{"line":398,"column":55}},"139":{"start":{"line":399,"column":4},"end":{"line":404,"column":5}},"140":{"start":{"line":400,"column":6},"end":{"line":403,"column":9}},"141":{"start":{"line":405,"column":25},"end":{"line":405,"column":34}},"142":{"start":{"line":407,"column":19},"end":{"line":410,"column":5}},"143":{"start":{"line":412,"column":4},"end":{"line":413,"column":62}},"144":{"start":{"line":413,"column":6},"end":{"line":413,"column":62}},"145":{"start":{"line":415,"column":4},"end":{"line":421,"column":6}},"146":{"start":{"line":423,"column":4},"end":{"line":423,"column":32}},"147":{"start":{"line":425,"column":4},"end":{"line":425,"column":23}},"148":{"start":{"line":426,"column":4},"end":{"line":429,"column":7}},"149":{"start":{"line":433,"column":0},"end":{"line":433,"column":24}}},"fnMap":{"0":{"name":"getUserFromAuthHeader","decl":{"start":{"line":10,"column":9},"end":{"line":10,"column":30}},"loc":{"start":{"line":10,"column":36},"end":{"line":19,"column":1}},"line":10},"1":{"name":"requireRole","decl":{"start":{"line":21,"column":9},"end":{"line":21,"column":20}},"loc":{"start":{"line":21,"column":40},"end":{"line":43,"column":1}},"line":21},"2":{"name":"(anonymous_2)","decl":{"start":{"line":33,"column":9},"end":{"line":33,"column":10}},"loc":{"start":{"line":33,"column":19},"end":{"line":40,"column":3}},"line":33},"3":{"name":"(anonymous_3)","decl":{"start":{"line":34,"column":38},"end":{"line":34,"column":39}},"loc":{"start":{"line":34,"column":43},"end":{"line":34,"column":51}},"line":34},"4":{"name":"(anonymous_4)","decl":{"start":{"line":35,"column":38},"end":{"line":35,"column":39}},"loc":{"start":{"line":35,"column":46},"end":{"line":35,"column":70}},"line":35},"5":{"name":"(anonymous_5)","decl":{"start":{"line":40,"column":11},"end":{"line":40,"column":12}},"loc":{"start":{"line":40,"column":18},"end":{"line":42,"column":3}},"line":40},"6":{"name":"(anonymous_6)","decl":{"start":{"line":46,"column":70},"end":{"line":46,"column":71}},"loc":{"start":{"line":46,"column":90},"end":{"line":96,"column":1}},"line":46},"7":{"name":"(anonymous_7)","decl":{"start":{"line":99,"column":39},"end":{"line":99,"column":40}},"loc":{"start":{"line":99,"column":59},"end":{"line":176,"column":1}},"line":99},"8":{"name":"(anonymous_8)","decl":{"start":{"line":117,"column":47},"end":{"line":117,"column":48}},"loc":{"start":{"line":117,"column":52},"end":{"line":117,"column":60}},"line":117},"9":{"name":"(anonymous_9)","decl":{"start":{"line":121,"column":24},"end":{"line":121,"column":25}},"loc":{"start":{"line":121,"column":32},"end":{"line":121,"column":57}},"line":121},"10":{"name":"(anonymous_10)","decl":{"start":{"line":179,"column":19},"end":{"line":179,"column":20}},"loc":{"start":{"line":179,"column":39},"end":{"line":259,"column":1}},"line":179},"11":{"name":"(anonymous_11)","decl":{"start":{"line":197,"column":47},"end":{"line":197,"column":48}},"loc":{"start":{"line":197,"column":52},"end":{"line":197,"column":60}},"line":197},"12":{"name":"(anonymous_12)","decl":{"start":{"line":201,"column":24},"end":{"line":201,"column":25}},"loc":{"start":{"line":201,"column":32},"end":{"line":201,"column":57}},"line":201},"13":{"name":"(anonymous_13)","decl":{"start":{"line":262,"column":37},"end":{"line":262,"column":38}},"loc":{"start":{"line":262,"column":57},"end":{"line":327,"column":1}},"line":262},"14":{"name":"(anonymous_14)","decl":{"start":{"line":275,"column":49},"end":{"line":275,"column":50}},"loc":{"start":{"line":275,"column":54},"end":{"line":275,"column":62}},"line":275},"15":{"name":"(anonymous_15)","decl":{"start":{"line":330,"column":78},"end":{"line":330,"column":79}},"loc":{"start":{"line":330,"column":98},"end":{"line":393,"column":1}},"line":330},"16":{"name":"(anonymous_16)","decl":{"start":{"line":396,"column":22},"end":{"line":396,"column":23}},"loc":{"start":{"line":396,"column":42},"end":{"line":431,"column":1}},"line":396}},"branchMap":{"0":{"loc":{"start":{"line":8,"column":19},"end":{"line":8,"column":55}},"type":"binary-expr","locations":[{"start":{"line":8,"column":19},"end":{"line":8,"column":41}},{"start":{"line":8,"column":45},"end":{"line":8,"column":55}}],"line":8},"1":{"loc":{"start":{"line":11,"column":15},"end":{"line":11,"column":46}},"type":"binary-expr","locations":[{"start":{"line":11,"column":15},"end":{"line":11,"column":40}},{"start":{"line":11,"column":44},"end":{"line":11,"column":46}}],"line":11},"2":{"loc":{"start":{"line":12,"column":2},"end":{"line":12,"column":47}},"type":"if","locations":[{"start":{"line":12,"column":2},"end":{"line":12,"column":47}},{"start":{},"end":{}}],"line":12},"3":{"loc":{"start":{"line":23,"column":2},"end":{"line":25,"column":3}},"type":"if","locations":[{"start":{"line":23,"column":2},"end":{"line":25,"column":3}},{"start":{},"end":{}}],"line":23},"4":{"loc":{"start":{"line":36,"column":4},"end":{"line":38,"column":5}},"type":"if","locations":[{"start":{"line":36,"column":4},"end":{"line":38,"column":5}},{"start":{},"end":{}}],"line":36},"5":{"loc":{"start":{"line":49,"column":4},"end":{"line":54,"column":5}},"type":"if","locations":[{"start":{"line":49,"column":4},"end":{"line":54,"column":5}},{"start":{},"end":{}}],"line":49},"6":{"loc":{"start":{"line":73,"column":8},"end":{"line":73,"column":25}},"type":"binary-expr","locations":[{"start":{"line":73,"column":8},"end":{"line":73,"column":17}},{"start":{"line":73,"column":21},"end":{"line":73,"column":25}}],"line":73},"7":{"loc":{"start":{"line":74,"column":8},"end":{"line":74,"column":27}},"type":"binary-expr","locations":[{"start":{"line":74,"column":8},"end":{"line":74,"column":19}},{"start":{"line":74,"column":23},"end":{"line":74,"column":27}}],"line":74},"8":{"loc":{"start":{"line":75,"column":8},"end":{"line":75,"column":29}},"type":"binary-expr","locations":[{"start":{"line":75,"column":8},"end":{"line":75,"column":21}},{"start":{"line":75,"column":25},"end":{"line":75,"column":29}}],"line":75},"9":{"loc":{"start":{"line":76,"column":8},"end":{"line":76,"column":21}},"type":"binary-expr","locations":[{"start":{"line":76,"column":8},"end":{"line":76,"column":13}},{"start":{"line":76,"column":17},"end":{"line":76,"column":21}}],"line":76},"10":{"loc":{"start":{"line":83,"column":8},"end":{"line":83,"column":35}},"type":"binary-expr","locations":[{"start":{"line":83,"column":8},"end":{"line":83,"column":27}},{"start":{"line":83,"column":31},"end":{"line":83,"column":35}}],"line":83},"11":{"loc":{"start":{"line":93,"column":13},"end":{"line":93,"column":42}},"type":"binary-expr","locations":[{"start":{"line":93,"column":13},"end":{"line":93,"column":24}},{"start":{"line":93,"column":28},"end":{"line":93,"column":42}}],"line":93},"12":{"loc":{"start":{"line":102,"column":4},"end":{"line":107,"column":5}},"type":"if","locations":[{"start":{"line":102,"column":4},"end":{"line":107,"column":5}},{"start":{},"end":{}}],"line":102},"13":{"loc":{"start":{"line":121,"column":4},"end":{"line":126,"column":5}},"type":"if","locations":[{"start":{"line":121,"column":4},"end":{"line":126,"column":5}},{"start":{},"end":{}}],"line":121},"14":{"loc":{"start":{"line":144,"column":4},"end":{"line":162,"column":5}},"type":"if","locations":[{"start":{"line":144,"column":4},"end":{"line":162,"column":5}},{"start":{},"end":{}}],"line":144},"15":{"loc":{"start":{"line":144,"column":8},"end":{"line":144,"column":103}},"type":"binary-expr","locations":[{"start":{"line":144,"column":8},"end":{"line":144,"column":38}},{"start":{"line":144,"column":42},"end":{"line":144,"column":71}},{"start":{"line":144,"column":75},"end":{"line":144,"column":103}}],"line":144},"16":{"loc":{"start":{"line":151,"column":6},"end":{"line":156,"column":7}},"type":"if","locations":[{"start":{"line":151,"column":6},"end":{"line":156,"column":7}},{"start":{},"end":{}}],"line":151},"17":{"loc":{"start":{"line":173,"column":13},"end":{"line":173,"column":42}},"type":"binary-expr","locations":[{"start":{"line":173,"column":13},"end":{"line":173,"column":24}},{"start":{"line":173,"column":28},"end":{"line":173,"column":42}}],"line":173},"18":{"loc":{"start":{"line":182,"column":4},"end":{"line":187,"column":5}},"type":"if","locations":[{"start":{"line":182,"column":4},"end":{"line":187,"column":5}},{"start":{},"end":{}}],"line":182},"19":{"loc":{"start":{"line":201,"column":4},"end":{"line":206,"column":5}},"type":"if","locations":[{"start":{"line":201,"column":4},"end":{"line":206,"column":5}},{"start":{},"end":{}}],"line":201},"20":{"loc":{"start":{"line":224,"column":4},"end":{"line":241,"column":5}},"type":"if","locations":[{"start":{"line":224,"column":4},"end":{"line":241,"column":5}},{"start":{},"end":{}}],"line":224},"21":{"loc":{"start":{"line":224,"column":8},"end":{"line":224,"column":103}},"type":"binary-expr","locations":[{"start":{"line":224,"column":8},"end":{"line":224,"column":38}},{"start":{"line":224,"column":42},"end":{"line":224,"column":71}},{"start":{"line":224,"column":75},"end":{"line":224,"column":103}}],"line":224},"22":{"loc":{"start":{"line":231,"column":6},"end":{"line":236,"column":7}},"type":"if","locations":[{"start":{"line":231,"column":6},"end":{"line":236,"column":7}},{"start":{},"end":{}}],"line":231},"23":{"loc":{"start":{"line":245,"column":4},"end":{"line":249,"column":9}},"type":"if","locations":[{"start":{"line":245,"column":4},"end":{"line":249,"column":9}},{"start":{},"end":{}}],"line":245},"24":{"loc":{"start":{"line":256,"column":13},"end":{"line":256,"column":42}},"type":"binary-expr","locations":[{"start":{"line":256,"column":13},"end":{"line":256,"column":24}},{"start":{"line":256,"column":28},"end":{"line":256,"column":42}}],"line":256},"25":{"loc":{"start":{"line":267,"column":4},"end":{"line":301,"column":5}},"type":"if","locations":[{"start":{"line":267,"column":4},"end":{"line":301,"column":5}},{"start":{"line":296,"column":11},"end":{"line":301,"column":5}}],"line":267},"26":{"loc":{"start":{"line":277,"column":6},"end":{"line":295,"column":7}},"type":"if","locations":[{"start":{"line":277,"column":6},"end":{"line":295,"column":7}},{"start":{"line":290,"column":13},"end":{"line":295,"column":7}}],"line":277},"27":{"loc":{"start":{"line":283,"column":8},"end":{"line":289,"column":9}},"type":"if","locations":[{"start":{"line":283,"column":8},"end":{"line":289,"column":9}},{"start":{},"end":{}}],"line":283},"28":{"loc":{"start":{"line":283,"column":12},"end":{"line":284,"column":75}},"type":"binary-expr","locations":[{"start":{"line":283,"column":12},"end":{"line":283,"column":44}},{"start":{"line":284,"column":12},"end":{"line":284,"column":75}}],"line":283},"29":{"loc":{"start":{"line":290,"column":13},"end":{"line":295,"column":7}},"type":"if","locations":[{"start":{"line":290,"column":13},"end":{"line":295,"column":7}},{"start":{},"end":{}}],"line":290},"30":{"loc":{"start":{"line":290,"column":17},"end":{"line":290,"column":78}},"type":"binary-expr","locations":[{"start":{"line":290,"column":17},"end":{"line":290,"column":46}},{"start":{"line":290,"column":50},"end":{"line":290,"column":78}}],"line":290},"31":{"loc":{"start":{"line":324,"column":13},"end":{"line":324,"column":42}},"type":"binary-expr","locations":[{"start":{"line":324,"column":13},"end":{"line":324,"column":24}},{"start":{"line":324,"column":28},"end":{"line":324,"column":42}}],"line":324},"32":{"loc":{"start":{"line":333,"column":4},"end":{"line":338,"column":5}},"type":"if","locations":[{"start":{"line":333,"column":4},"end":{"line":338,"column":5}},{"start":{},"end":{}}],"line":333},"33":{"loc":{"start":{"line":355,"column":6},"end":{"line":358,"column":7}},"type":"if","locations":[{"start":{"line":355,"column":6},"end":{"line":358,"column":7}},{"start":{},"end":{}}],"line":355},"34":{"loc":{"start":{"line":361,"column":4},"end":{"line":366,"column":5}},"type":"if","locations":[{"start":{"line":361,"column":4},"end":{"line":366,"column":5}},{"start":{},"end":{}}],"line":361},"35":{"loc":{"start":{"line":374,"column":4},"end":{"line":375,"column":62}},"type":"if","locations":[{"start":{"line":374,"column":4},"end":{"line":375,"column":62}},{"start":{},"end":{}}],"line":374},"36":{"loc":{"start":{"line":380,"column":8},"end":{"line":380,"column":35}},"type":"binary-expr","locations":[{"start":{"line":380,"column":8},"end":{"line":380,"column":27}},{"start":{"line":380,"column":31},"end":{"line":380,"column":35}}],"line":380},"37":{"loc":{"start":{"line":390,"column":13},"end":{"line":390,"column":42}},"type":"binary-expr","locations":[{"start":{"line":390,"column":13},"end":{"line":390,"column":24}},{"start":{"line":390,"column":28},"end":{"line":390,"column":42}}],"line":390},"38":{"loc":{"start":{"line":399,"column":4},"end":{"line":404,"column":5}},"type":"if","locations":[{"start":{"line":399,"column":4},"end":{"line":404,"column":5}},{"start":{},"end":{}}],"line":399},"39":{"loc":{"start":{"line":412,"column":4},"end":{"line":413,"column":62}},"type":"if","locations":[{"start":{"line":412,"column":4},"end":{"line":413,"column":62}},{"start":{},"end":{}}],"line":412},"40":{"loc":{"start":{"line":418,"column":8},"end":{"line":418,"column":35}},"type":"binary-expr","locations":[{"start":{"line":418,"column":8},"end":{"line":418,"column":27}},{"start":{"line":418,"column":31},"end":{"line":418,"column":35}}],"line":418},"41":{"loc":{"start":{"line":428,"column":13},"end":{"line":428,"column":42}},"type":"binary-expr","locations":[{"start":{"line":428,"column":13},"end":{"line":428,"column":24}},{"start":{"line":428,"column":28},"end":{"line":428,"column":42}}],"line":428}},"s":{"0":8,"1":8,"2":8,"3":8,"4":8,"5":8,"6":8,"7":8,"8":7,"9":7,"10":2,"11":5,"12":5,"13":5,"14":0,"15":3,"16":3,"17":1,"18":2,"19":2,"20":2,"21":2,"22":3,"23":2,"24":1,"25":1,"26":0,"27":8,"28":3,"29":3,"30":3,"31":2,"32":1,"33":1,"34":1,"35":1,"36":1,"37":0,"38":0,"39":8,"40":3,"41":3,"42":3,"43":1,"44":2,"45":2,"46":2,"47":2,"48":2,"49":2,"50":0,"51":2,"52":2,"53":2,"54":2,"55":1,"56":1,"57":0,"58":1,"59":1,"60":1,"61":1,"62":2,"63":2,"64":2,"65":0,"66":0,"67":8,"68":0,"69":0,"70":0,"71":0,"72":0,"73":0,"74":0,"75":0,"76":0,"77":0,"78":0,"79":0,"80":0,"81":0,"82":0,"83":0,"84":0,"85":0,"86":0,"87":0,"88":0,"89":0,"90":0,"91":0,"92":0,"93":0,"94":8,"95":1,"96":1,"97":1,"98":1,"99":1,"100":1,"101":1,"102":1,"103":1,"104":1,"105":0,"106":0,"107":0,"108":0,"109":0,"110":0,"111":0,"112":8,"113":0,"114":0,"115":0,"116":0,"117":0,"118":0,"119":0,"120":0,"121":0,"122":0,"123":0,"124":0,"125":0,"126":0,"127":0,"128":0,"129":0,"130":0,"131":0,"132":0,"133":0,"134":0,"135":0,"136":8,"137":0,"138":0,"139":0,"140":0,"141":0,"142":0,"143":0,"144":0,"145":0,"146":0,"147":0,"148":0,"149":8},"f":{"0":7,"1":3,"2":2,"3":2,"4":3,"5":0,"6":3,"7":3,"8":2,"9":2,"10":0,"11":0,"12":0,"13":1,"14":1,"15":0,"16":0},"b":{"0":[8,8],"1":[7,2],"2":[2,5],"3":[1,2],"4":[1,1],"5":[2,1],"6":[1,0],"7":[1,0],"8":[1,0],"9":[1,0],"10":[1,0],"11":[0,0],"12":[1,2],"13":[0,2],"14":[1,1],"15":[2,1,1],"16":[0,1],"17":[0,0],"18":[0,0],"19":[0,0],"20":[0,0],"21":[0,0,0],"22":[0,0],"23":[0,0],"24":[0,0],"25":[1,0],"26":[1,0],"27":[1,0],"28":[1,1],"29":[0,0],"30":[0,0],"31":[0,0],"32":[0,0],"33":[0,0],"34":[0,0],"35":[0,0],"36":[0,0],"37":[0,0],"38":[0,0],"39":[0,0],"40":[0,0],"41":[0,0]},"_coverageSchema":"1a1c01bbd47fc00a2c39e90264f33305004495a9","hash":"a056a48021c1e9a8c576eb69a29a995aa702a276"}
,"/home/oem/Desktop/Seguridad-y-Calidad/BACKEND/src/routes/pacientes.js": {"path":"/home/oem/Desktop/Seguridad-y-Calidad/BACKEND/src/routes/pacientes.js","statementMap":{"0":{"start":{"line":1,"column":16},"end":{"line":1,"column":34}},"1":{"start":{"line":2,"column":17},"end":{"line":2,"column":33}},"2":{"start":{"line":3,"column":12},"end":{"line":3,"column":35}},"3":{"start":{"line":4,"column":17},"end":{"line":4,"column":50}},"4":{"start":{"line":5,"column":24},"end":{"line":5,"column":54}},"5":{"start":{"line":6,"column":49},"end":{"line":6,"column":84}},"6":{"start":{"line":7,"column":25},"end":{"line":7,"column":48}},"7":{"start":{"line":8,"column":15},"end":{"line":8,"column":31}},"8":{"start":{"line":9,"column":19},"end":{"line":9,"column":55}},"9":{"start":{"line":12,"column":15},"end":{"line":12,"column":46}},"10":{"start":{"line":13,"column":2},"end":{"line":13,"column":47}},"11":{"start":{"line":13,"column":35},"end":{"line":13,"column":47}},"12":{"start":{"line":14,"column":2},"end":{"line":19,"column":3}},"13":{"start":{"line":15,"column":18},"end":{"line":15,"column":35}},"14":{"start":{"line":16,"column":4},"end":{"line":16,"column":41}},"15":{"start":{"line":18,"column":4},"end":{"line":18,"column":16}},"16":{"start":{"line":23,"column":19},"end":{"line":23,"column":45}},"17":{"start":{"line":24,"column":2},"end":{"line":26,"column":3}},"18":{"start":{"line":25,"column":4},"end":{"line":25,"column":51}},"19":{"start":{"line":29,"column":2},"end":{"line":44,"column":5}},"20":{"start":{"line":36,"column":22},"end":{"line":36,"column":52}},"21":{"start":{"line":36,"column":43},"end":{"line":36,"column":51}},"22":{"start":{"line":37,"column":20},"end":{"line":37,"column":71}},"23":{"start":{"line":37,"column":46},"end":{"line":37,"column":70}},"24":{"start":{"line":38,"column":4},"end":{"line":40,"column":5}},"25":{"start":{"line":39,"column":6},"end":{"line":39,"column":53}},"26":{"start":{"line":41,"column":4},"end":{"line":41,"column":35}},"27":{"start":{"line":43,"column":4},"end":{"line":43,"column":62}},"28":{"start":{"line":48,"column":0},"end":{"line":142,"column":3}},"29":{"start":{"line":49,"column":2},"end":{"line":141,"column":3}},"30":{"start":{"line":50,"column":22},"end":{"line":50,"column":65}},"31":{"start":{"line":51,"column":4},"end":{"line":56,"column":5}},"32":{"start":{"line":52,"column":6},"end":{"line":55,"column":9}},"33":{"start":{"line":57,"column":25},"end":{"line":57,"column":34}},"34":{"start":{"line":82,"column":8},"end":{"line":82,"column":16}},"35":{"start":{"line":84,"column":19},"end":{"line":118,"column":5}},"36":{"start":{"line":120,"column":4},"end":{"line":126,"column":6}},"37":{"start":{"line":128,"column":4},"end":{"line":128,"column":41}},"38":{"start":{"line":130,"column":4},"end":{"line":130,"column":23}},"39":{"start":{"line":131,"column":4},"end":{"line":136,"column":5}},"40":{"start":{"line":132,"column":6},"end":{"line":135,"column":9}},"41":{"start":{"line":137,"column":4},"end":{"line":140,"column":7}},"42":{"start":{"line":145,"column":0},"end":{"line":170,"column":3}},"43":{"start":{"line":146,"column":2},"end":{"line":169,"column":3}},"44":{"start":{"line":147,"column":22},"end":{"line":147,"column":65}},"45":{"start":{"line":148,"column":4},"end":{"line":153,"column":5}},"46":{"start":{"line":149,"column":6},"end":{"line":152,"column":9}},"47":{"start":{"line":155,"column":19},"end":{"line":160,"column":5}},"48":{"start":{"line":162,"column":4},"end":{"line":162,"column":26}},"49":{"start":{"line":164,"column":4},"end":{"line":164,"column":23}},"50":{"start":{"line":165,"column":4},"end":{"line":168,"column":7}},"51":{"start":{"line":173,"column":0},"end":{"line":246,"column":3}},"52":{"start":{"line":174,"column":2},"end":{"line":245,"column":3}},"53":{"start":{"line":175,"column":21},"end":{"line":175,"column":47}},"54":{"start":{"line":176,"column":4},"end":{"line":181,"column":5}},"55":{"start":{"line":177,"column":6},"end":{"line":180,"column":9}},"56":{"start":{"line":184,"column":28},"end":{"line":190,"column":5}},"57":{"start":{"line":191,"column":22},"end":{"line":191,"column":61}},"58":{"start":{"line":191,"column":52},"end":{"line":191,"column":60}},"59":{"start":{"line":194,"column":28},"end":{"line":194,"column":87}},"60":{"start":{"line":195,"column":23},"end":{"line":195,"column":73}},"61":{"start":{"line":197,"column":4},"end":{"line":202,"column":5}},"62":{"start":{"line":198,"column":6},"end":{"line":201,"column":9}},"63":{"start":{"line":205,"column":4},"end":{"line":225,"column":5}},"64":{"start":{"line":206,"column":29},"end":{"line":209,"column":7}},"65":{"start":{"line":211,"column":6},"end":{"line":216,"column":7}},"66":{"start":{"line":212,"column":8},"end":{"line":215,"column":11}},"67":{"start":{"line":218,"column":25},"end":{"line":218,"column":50}},"68":{"start":{"line":219,"column":6},"end":{"line":224,"column":7}},"69":{"start":{"line":220,"column":8},"end":{"line":223,"column":11}},"70":{"start":{"line":227,"column":19},"end":{"line":233,"column":5}},"71":{"start":{"line":235,"column":4},"end":{"line":236,"column":62}},"72":{"start":{"line":236,"column":6},"end":{"line":236,"column":62}},"73":{"start":{"line":238,"column":4},"end":{"line":238,"column":29}},"74":{"start":{"line":240,"column":4},"end":{"line":240,"column":23}},"75":{"start":{"line":241,"column":4},"end":{"line":244,"column":7}},"76":{"start":{"line":249,"column":0},"end":{"line":273,"column":3}},"77":{"start":{"line":250,"column":2},"end":{"line":272,"column":3}},"78":{"start":{"line":251,"column":20},"end":{"line":251,"column":30}},"79":{"start":{"line":252,"column":26},"end":{"line":252,"column":43}},"80":{"start":{"line":254,"column":19},"end":{"line":260,"column":5}},"81":{"start":{"line":262,"column":4},"end":{"line":263,"column":62}},"82":{"start":{"line":263,"column":6},"end":{"line":263,"column":62}},"83":{"start":{"line":265,"column":4},"end":{"line":265,"column":29}},"84":{"start":{"line":267,"column":4},"end":{"line":267,"column":23}},"85":{"start":{"line":268,"column":4},"end":{"line":271,"column":7}},"86":{"start":{"line":276,"column":0},"end":{"line":384,"column":3}},"87":{"start":{"line":277,"column":2},"end":{"line":383,"column":3}},"88":{"start":{"line":278,"column":21},"end":{"line":278,"column":47}},"89":{"start":{"line":279,"column":4},"end":{"line":284,"column":5}},"90":{"start":{"line":280,"column":6},"end":{"line":283,"column":9}},"91":{"start":{"line":287,"column":28},"end":{"line":293,"column":5}},"92":{"start":{"line":294,"column":22},"end":{"line":294,"column":61}},"93":{"start":{"line":294,"column":52},"end":{"line":294,"column":60}},"94":{"start":{"line":297,"column":28},"end":{"line":297,"column":87}},"95":{"start":{"line":298,"column":23},"end":{"line":298,"column":73}},"96":{"start":{"line":300,"column":4},"end":{"line":305,"column":5}},"97":{"start":{"line":301,"column":6},"end":{"line":304,"column":9}},"98":{"start":{"line":308,"column":4},"end":{"line":328,"column":5}},"99":{"start":{"line":309,"column":29},"end":{"line":312,"column":7}},"100":{"start":{"line":314,"column":6},"end":{"line":319,"column":7}},"101":{"start":{"line":315,"column":8},"end":{"line":318,"column":11}},"102":{"start":{"line":321,"column":25},"end":{"line":321,"column":50}},"103":{"start":{"line":322,"column":6},"end":{"line":327,"column":7}},"104":{"start":{"line":323,"column":8},"end":{"line":326,"column":11}},"105":{"start":{"line":330,"column":25},"end":{"line":330,"column":27}},"106":{"start":{"line":331,"column":25},"end":{"line":331,"column":27}},"107":{"start":{"line":332,"column":21},"end":{"line":332,"column":22}},"108":{"start":{"line":334,"column":26},"end":{"line":342,"column":5}},"109":{"start":{"line":344,"column":4},"end":{"line":350,"column":5}},"110":{"start":{"line":345,"column":6},"end":{"line":349,"column":7}},"111":{"start":{"line":346,"column":8},"end":{"line":346,"column":55}},"112":{"start":{"line":348,"column":8},"end":{"line":348,"column":93}},"113":{"start":{"line":352,"column":4},"end":{"line":357,"column":5}},"114":{"start":{"line":353,"column":6},"end":{"line":356,"column":9}},"115":{"start":{"line":359,"column":4},"end":{"line":359,"column":37}},"116":{"start":{"line":360,"column":19},"end":{"line":363,"column":5}},"117":{"start":{"line":365,"column":4},"end":{"line":366,"column":62}},"118":{"start":{"line":366,"column":6},"end":{"line":366,"column":62}},"119":{"start":{"line":368,"column":4},"end":{"line":374,"column":6}},"120":{"start":{"line":376,"column":4},"end":{"line":376,"column":29}},"121":{"start":{"line":378,"column":4},"end":{"line":378,"column":23}},"122":{"start":{"line":379,"column":4},"end":{"line":382,"column":7}},"123":{"start":{"line":387,"column":0},"end":{"line":422,"column":3}},"124":{"start":{"line":388,"column":2},"end":{"line":421,"column":3}},"125":{"start":{"line":389,"column":22},"end":{"line":389,"column":55}},"126":{"start":{"line":390,"column":4},"end":{"line":395,"column":5}},"127":{"start":{"line":391,"column":6},"end":{"line":394,"column":9}},"128":{"start":{"line":396,"column":25},"end":{"line":396,"column":34}},"129":{"start":{"line":398,"column":19},"end":{"line":401,"column":5}},"130":{"start":{"line":403,"column":4},"end":{"line":404,"column":62}},"131":{"start":{"line":404,"column":6},"end":{"line":404,"column":62}},"132":{"start":{"line":406,"column":4},"end":{"line":412,"column":6}},"133":{"start":{"line":414,"column":4},"end":{"line":414,"column":32}},"134":{"start":{"line":416,"column":4},"end":{"line":416,"column":23}},"135":{"start":{"line":417,"column":4},"end":{"line":420,"column":7}},"136":{"start":{"line":424,"column":0},"end":{"line":424,"column":24}}},"fnMap":{"0":{"name":"getUserFromAuthHeader","decl":{"start":{"line":11,"column":9},"end":{"line":11,"column":30}},"loc":{"start":{"line":11,"column":36},"end":{"line":20,"column":1}},"line":11},"1":{"name":"requireRole","decl":{"start":{"line":22,"column":9},"end":{"line":22,"column":20}},"loc":{"start":{"line":22,"column":40},"end":{"line":45,"column":1}},"line":22},"2":{"name":"(anonymous_2)","decl":{"start":{"line":35,"column":9},"end":{"line":35,"column":10}},"loc":{"start":{"line":35,"column":19},"end":{"line":42,"column":3}},"line":35},"3":{"name":"(anonymous_3)","decl":{"start":{"line":36,"column":38},"end":{"line":36,"column":39}},"loc":{"start":{"line":36,"column":43},"end":{"line":36,"column":51}},"line":36},"4":{"name":"(anonymous_4)","decl":{"start":{"line":37,"column":38},"end":{"line":37,"column":39}},"loc":{"start":{"line":37,"column":46},"end":{"line":37,"column":70}},"line":37},"5":{"name":"(anonymous_5)","decl":{"start":{"line":42,"column":11},"end":{"line":42,"column":12}},"loc":{"start":{"line":42,"column":18},"end":{"line":44,"column":3}},"line":42},"6":{"name":"(anonymous_6)","decl":{"start":{"line":48,"column":43},"end":{"line":48,"column":44}},"loc":{"start":{"line":48,"column":63},"end":{"line":142,"column":1}},"line":48},"7":{"name":"(anonymous_7)","decl":{"start":{"line":145,"column":39},"end":{"line":145,"column":40}},"loc":{"start":{"line":145,"column":59},"end":{"line":170,"column":1}},"line":145},"8":{"name":"(anonymous_8)","decl":{"start":{"line":173,"column":19},"end":{"line":173,"column":20}},"loc":{"start":{"line":173,"column":39},"end":{"line":246,"column":1}},"line":173},"9":{"name":"(anonymous_9)","decl":{"start":{"line":191,"column":47},"end":{"line":191,"column":48}},"loc":{"start":{"line":191,"column":52},"end":{"line":191,"column":60}},"line":191},"10":{"name":"(anonymous_10)","decl":{"start":{"line":249,"column":31},"end":{"line":249,"column":32}},"loc":{"start":{"line":249,"column":51},"end":{"line":273,"column":1}},"line":249},"11":{"name":"(anonymous_11)","decl":{"start":{"line":276,"column":51},"end":{"line":276,"column":52}},"loc":{"start":{"line":276,"column":71},"end":{"line":384,"column":1}},"line":276},"12":{"name":"(anonymous_12)","decl":{"start":{"line":294,"column":47},"end":{"line":294,"column":48}},"loc":{"start":{"line":294,"column":52},"end":{"line":294,"column":60}},"line":294},"13":{"name":"(anonymous_13)","decl":{"start":{"line":387,"column":22},"end":{"line":387,"column":23}},"loc":{"start":{"line":387,"column":42},"end":{"line":422,"column":1}},"line":387}},"branchMap":{"0":{"loc":{"start":{"line":9,"column":19},"end":{"line":9,"column":55}},"type":"binary-expr","locations":[{"start":{"line":9,"column":19},"end":{"line":9,"column":41}},{"start":{"line":9,"column":45},"end":{"line":9,"column":55}}],"line":9},"1":{"loc":{"start":{"line":12,"column":15},"end":{"line":12,"column":46}},"type":"binary-expr","locations":[{"start":{"line":12,"column":15},"end":{"line":12,"column":40}},{"start":{"line":12,"column":44},"end":{"line":12,"column":46}}],"line":12},"2":
[...]
inary-expr","locations":[{"start":{"line":241,"column":13},"end":{"line":241,"column":24}},{"start":{"line":241,"column":28},"end":{"line":241,"column":42}}],"line":241},"27":{"loc":{"start":{"line":250,"column":4},"end":{"line":255,"column":5}},"type":"if","locations":[{"start":{"line":250,"column":4},"end":{"line":255,"column":5}},{"start":{},"end":{}}],"line":250},"28":{"loc":{"start":{"line":258,"column":4},"end":{"line":265,"column":5}},"type":"if","locations":[{"start":{"line":258,"column":4},"end":{"line":265,"column":5}},{"start":{},"end":{}}],"line":258},"29":{"loc":{"start":{"line":278,"column":13},"end":{"line":278,"column":42}},"type":"binary-expr","locations":[{"start":{"line":278,"column":13},"end":{"line":278,"column":24}},{"start":{"line":278,"column":28},"end":{"line":278,"column":42}}],"line":278},"30":{"loc":{"start":{"line":299,"column":4},"end":{"line":304,"column":5}},"type":"if","locations":[{"start":{"line":299,"column":4},"end":{"line":304,"column":5}},{"start":{},"end":{}}],"line":299},"31":{"loc":{"start":{"line":308,"column":20},"end":{"line":308,"column":101}},"type":"binary-expr","locations":[{"start":{"line":308,"column":20},"end":{"line":308,"column":35}},{"start":{"line":308,"column":39},"end":{"line":308,"column":64}},{"start":{"line":308,"column":68},"end":{"line":308,"column":101}}],"line":308},"32":{"loc":{"start":{"line":310,"column":4},"end":{"line":315,"column":5}},"type":"if","locations":[{"start":{"line":310,"column":4},"end":{"line":315,"column":5}},{"start":{},"end":{}}],"line":310},"33":{"loc":{"start":{"line":318,"column":4},"end":{"line":354,"column":5}},"type":"if","locations":[{"start":{"line":318,"column":4},"end":{"line":354,"column":5}},{"start":{},"end":{}}],"line":318},"34":{"loc":{"start":{"line":320,"column":6},"end":{"line":328,"column":7}},"type":"if","locations":[{"start":{"line":320,"column":6},"end":{"line":328,"column":7}},{"start":{},"end":{}}],"line":320},"35":{"loc":{"start":{"line":321,"column":8},"end":{"line":322,"column":60}},"type":"binary-expr","locations":[{"start":{"line":321,"column":8},"end":{"line":321,"column":26}},{"start":{"line":322,"column":8},"end":{"line":322,"column":60}}],"line":321},"36":{"loc":{"start":{"line":337,"column":6},"end":{"line":353,"column":7}},"type":"if","locations":[{"start":{"line":337,"column":6},"end":{"line":353,"column":7}},{"start":{},"end":{}}],"line":337},"37":{"loc":{"start":{"line":337,"column":10},"end":{"line":337,"column":77}},"type":"binary-expr","locations":[{"start":{"line":337,"column":10},"end":{"line":337,"column":39}},{"start":{"line":337,"column":43},"end":{"line":337,"column":77}}],"line":337},"38":{"loc":{"start":{"line":346,"column":8},"end":{"line":352,"column":9}},"type":"if","locations":[{"start":{"line":346,"column":8},"end":{"line":352,"column":9}},{"start":{},"end":{}}],"line":346},"39":{"loc":{"start":{"line":346,"column":12},"end":{"line":346,"column":68}},"type":"binary-expr","locations":[{"start":{"line":346,"column":12},"end":{"line":346,"column":52}},{"start":{"line":346,"column":56},"end":{"line":346,"column":68}}],"line":346},"40":{"loc":{"start":{"line":361,"column":4},"end":{"line":364,"column":5}},"type":"if","locations":[{"start":{"line":361,"column":4},"end":{"line":364,"column":5}},{"start":{},"end":{}}],"line":361},"41":{"loc":{"start":{"line":365,"column":4},"end":{"line":368,"column":5}},"type":"if","locations":[{"start":{"line":365,"column":4},"end":{"line":368,"column":5}},{"start":{},"end":{}}],"line":365},"42":{"loc":{"start":{"line":369,"column":4},"end":{"line":372,"column":5}},"type":"if","locations":[{"start":{"line":369,"column":4},"end":{"line":372,"column":5}},{"start":{},"end":{}}],"line":369},"43":{"loc":{"start":{"line":374,"column":4},"end":{"line":384,"column":5}},"type":"if","locations":[{"start":{"line":374,"column":4},"end":{"line":384,"column":5}},{"start":{},"end":{}}],"line":374},"44":{"loc":{"start":{"line":382,"column":6},"end":{"line":383,"column":64}},"type":"if","locations":[{"start":{"line":382,"column":6},"end":{"line":383,"column":64}},{"start":{},"end":{}}],"line":382},"45":{"loc":{"start":{"line":387,"column":4},"end":{"line":399,"column":5}},"type":"if","locations":[{"start":{"line":387,"column":4},"end":{"line":399,"column":5}},{"start":{},"end":{}}],"line":387},"46":{"loc":{"start":{"line":393,"column":6},"end":{"line":398,"column":7}},"type":"if","locations":[{"start":{"line":393,"column":6},"end":{"line":398,"column":7}},{"start":{},"end":{}}],"line":393},"47":{"loc":{"start":{"line":420,"column":8},"end":{"line":420,"column":35}},"type":"binary-expr","locations":[{"start":{"line":420,"column":8},"end":{"line":420,"column":27}},{"start":{"line":420,"column":31},"end":{"line":420,"column":35}}],"line":420},"48":{"loc":{"start":{"line":422,"column":10},"end":{"line":422,"column":58}},"type":"cond-expr","locations":[{"start":{"line":422,"column":33},"end":{"line":422,"column":53}},{"start":{"line":422,"column":56},"end":{"line":422,"column":58}}],"line":422},"49":{"loc":{"start":{"line":432,"column":13},"end":{"line":432,"column":42}},"type":"binary-expr","locations":[{"start":{"line":432,"column":13},"end":{"line":432,"column":24}},{"start":{"line":432,"column":28},"end":{"line":432,"column":42}}],"line":432},"50":{"loc":{"start":{"line":453,"column":20},"end":{"line":453,"column":86}},"type":"binary-expr","locations":[{"start":{"line":453,"column":20},"end":{"line":453,"column":47}},{"start":{"line":453,"column":51},"end":{"line":453,"column":86}}],"line":453},"51":{"loc":{"start":{"line":455,"column":6},"end":{"line":455,"column":104}},"type":"binary-expr","locations":[{"start":{"line":455,"column":6},"end":{"line":455,"column":33}},{"start":{"line":455,"column":37},"end":{"line":455,"column":72}},{"start":{"line":455,"column":76},"end":{"line":455,"column":104}}],"line":455},"52":{"loc":{"start":{"line":456,"column":23},"end":{"line":456,"column":73}},"type":"binary-expr","locations":[{"start":{"line":456,"column":23},"end":{"line":456,"column":53}},{"start":{"line":456,"column":57},"end":{"line":456,"column":73}}],"line":456},"53":{"loc":{"start":{"line":459,"column":4},"end":{"line":472,"column":5}},"type":"if","locations":[{"start":{"line":459,"column":4},"end":{"line":472,"column":5}},{"start":{},"end":{}}],"line":459},"54":{"loc":{"start":{"line":460,"column":6},"end":{"line":465,"column":7}},"type":"if","locations":[{"start":{"line":460,"column":6},"end":{"line":465,"column":7}},{"start":{},"end":{}}],"line":460},"55":{"loc":{"start":{"line":466,"column":6},"end":{"line":471,"column":7}},"type":"if","locations":[{"start":{"line":466,"column":6},"end":{"line":471,"column":7}},{"start":{},"end":{}}],"line":466},"56":{"loc":{"start":{"line":476,"column":4},"end":{"line":481,"column":5}},"type":"if","locations":[{"start":{"line":476,"column":4},"end":{"line":481,"column":5}},{"start":{},"end":{}}],"line":476},"57":{"loc":{"start":{"line":476,"column":8},"end":{"line":476,"column":72}},"type":"binary-expr","locations":[{"start":{"line":476,"column":8},"end":{"line":476,"column":16}},{"start":{"line":476,"column":20},"end":{"line":476,"column":72}}],"line":476},"58":{"loc":{"start":{"line":484,"column":4},"end":{"line":489,"column":5}},"type":"if","locations":[{"start":{"line":484,"column":4},"end":{"line":489,"column":5}},{"start":{},"end":{}}],"line":484},"59":{"loc":{"start":{"line":484,"column":8},"end":{"line":484,"column":48}},"type":"binary-expr","locations":[{"start":{"line":484,"column":8},"end":{"line":484,"column":28}},{"start":{"line":484,"column":32},"end":{"line":484,"column":48}}],"line":484},"60":{"loc":{"start":{"line":496,"column":4},"end":{"line":499,"column":5}},"type":"if","locations":[{"start":{"line":496,"column":4},"end":{"line":499,"column":5}},{"start":{},"end":{}}],"line":496},"61":{"loc":{"start":{"line":500,"column":4},"end":{"line":503,"column":5}},"type":"if","locations":[{"start":{"line":500,"column":4},"end":{"line":503,"column":5}},{"start":{},"end":{}}],"line":500},"62":{"loc":{"start":{"line":504,"column":4},"end":{"line":507,"column":5}},"type":"if","locations":[{"start":{"line":504,"column":4},"end":{"line":507,"column":5}},{"start":{},"end":{}}],"line":504},"63":{"loc":{"start":{"line":509,"column":4},"end":{"line":519,"column":5}},"type":"if","locations":[{"start":{"line":509,"column":4},"end":{"line":519,"column":5}},{"start":{},"end":{}}],"line":509},"64":{"loc":{"start":{"line":517,"column":6},"end":{"line":518,"column":64}},"type":"if","locations":[{"start":{"line":517,"column":6},"end":{"line":518,"column":64}},{"start":{},"end":{}}],"line":517},"65":{"loc":{"start":{"line":522,"column":4},"end":{"line":532,"column":5}},"type":"if","locations":[{"start":{"line":522,"column":4},"end":{"line":532,"column":5}},{"start":{},"end":{}}],"line":522},"66":{"loc":{"start":{"line":522,"column":8},"end":{"line":522,"column":47}},"type":"binary-expr","locations":[{"start":{"line":522,"column":8},"end":{"line":522,"column":28}},{"start":{"line":522,"column":32},"end":{"line":522,"column":47}}],"line":522},"67":{"loc":{"start":{"line":554,"column":8},"end":{"line":554,"column":35}},"type":"binary-expr","locations":[{"start":{"line":554,"column":8},"end":{"line":554,"column":27}},{"start":{"line":554,"column":31},"end":{"line":554,"column":35}}],"line":554},"68":{"loc":{"start":{"line":556,"column":10},"end":{"line":556,"column":58}},"type":"cond-expr","locations":[{"start":{"line":556,"column":33},"end":{"line":556,"column":53}},{"start":{"line":556,"column":56},"end":{"line":556,"column":58}}],"line":556},"69":{"loc":{"start":{"line":566,"column":13},"end":{"line":566,"column":42}},"type":"binary-expr","locations":[{"start":{"line":566,"column":13},"end":{"line":566,"column":24}},{"start":{"line":566,"column":28},"end":{"line":566,"column":42}}],"line":566},"70":{"loc":{"start":{"line":577,"column":4},"end":{"line":578,"column":62}},"type":"if","locations":[{"start":{"line":577,"column":4},"end":{"line":578,"column":62}},{"start":{},"end":{}}],"line":577},"71":{"loc":{"start":{"line":584,"column":8},"end":{"line":584,"column":39}},"type":"binary-expr","locations":[{"start":{"line":584,"column":8},"end":{"line":584,"column":31}},{"start":{"line":584,"column":35},"end":{"line":584,"column":39}}],"line":584},"72":{"loc":{"start":{"line":594,"column":13},"end":{"line":594,"column":42}},"type":"binary-expr","locations":[{"start":{"line":594,"column":13},"end":{"line":594,"column":24}},{"start":{"line":594,"column":28},"end":{"line":594,"column":42}}],"line":594}},"s":{"0":8,"1":8,"2":8,"3":8,"4":8,"5":8,"6":8,"7":7,"8":7,"9":3,"10":4,"11":4,"12":4,"13":4,"14":0,"15":0,"16":8,"17":2,"18":2,"19":2,"20":2,"21":1,"22":1,"23":1,"24":1,"25":0,"26":1,"27":1,"28":1,"29":1,"30":0,"31":0,"32":8,"33":3,"34":3,"35":3,"36":1,"37":2,"38":2,"39":0,"40":0,"41":0,"42":0,"43":0,"44":2,"45":2,"46":2,"47":2,"48":2,"49":1,"50":1,"51":1,"52":0,"53":0,"54":8,"55":2,"56":2,"57":2,"58":1,"59":1,"60":0,"61":0,"62":0,"63":0,"64":0,"65":0,"66":0,"67":0,"68":0,"69":1,"70":1,"71":1,"72":1,"73":1,"74":1,"75":0,"76":1,"77":1,"78":0,"79":1,"80":1,"81":1,"82":0,"83":0,"84":8,"85":0,"86":0,"87":0,"88":0,"89":0,"90":0,"91":0,"92":0,"93":0,"94":0,"95":0,"96":0,"97":0,"98":0,"99":0,"100":0,"101":0,"102":0,"103":0,"104":0,"105":0,"106":0,"107":0,"108":0,"109":0,"110":0,"111":0,"112":0,"113":0,"114":0,"115":0,"116":0,"117":0,"118":0,"119":0,"120":0,"121":0,"122":0,"123":0,"124":0,"125":0,"126":0,"127":0,"128":0,"129":0,"130":0,"131":0,"132":0,"133":0,"134":0,"135":0,"136":0,"137":0,"138":0,"139":0,"140":0,"141":0,"142":0,"143":0,"144":0,"145":0,"146":0,"147":0,"148":0,"149":0,"150":0,"151":0,"152":0,"153":0,"154":0,"155":0,"156":0,"157":0,"158":0,"159":0,"160":0,"161":0,"162":0,"163":0,"164":0,"165":0,"166":0,"167":0,"168":0,"169":0,"170":0,"171":0,"172":0,"173":0,"174":0,"175":0,"176":0,"177":0,"178":0,"179":8,"180":0,"181":0,"182":0,"183":0,"184":0,"185":0,"186":0,"187":0,"188":0,"189":8},"f":{"0":7,"1":2,"2":3,"3":2,"4":2,"5":1,"6":0,"7":0,"8":0,"9":0,"10":0},"b":{"0":[8,8],"1":[7,3],"2":[3,4],"3":[1,1],"4":[0,1],"5":[1,0],"6":[1,0],"7":[1,0],"8":[1,0],"9":[0,0],"10":[1,2],"11":[0,2],"12":[0,0],"13":[0,0,0],"14":[2,1],"15":[1,1],"16":[0,0],"17":[1,1],"18":[0,1],"19":[0,0],"20":[0,0],"21":[1,1],"22":[1,1],"23":[0,1],"24":[1,1],"25":[0,1],"26":[0,0],"27":[0,0],"28":[0,0],"29":[0,0],"30":[0,0],"31":[0,0,0],"32":[0,0],"33":[0,0],"34":[0,0],"35":[0,0],"36":[0,0],"37":[0,0],"38":[0,0],"39":[0,0],"40":[0,0],"41":[0,0],"42":[0,0],"43":[0,0],"44":[0,0],"45":[0,0],"46":[0,0],"47":[0,0],"48":[0,0],"49":[0,0],"50":[0,0],"51":[0,0,0],"52":[0,0],"53":[0,0],"54":[0,0],"55":[0,0],"56":[0,0],"57":[0,0],"58":[0,0],"59":[0,0],"60":[0,0],"61":[0,0],"62":[0,0],"63":[0,0],"64":[0,0],"65":[0,0],"66":[0,0],"67":[0,0],"68":[0,0],"69":[0,0],"70":[0,0],"71":[0,0],"72":[0,0]},"_coverageSchema":"1a1c01bbd47fc00a2c39e90264f33305004495a9","hash":"de3cf29f8f0daccbc2860305ae8afe06a9810025"}
,"/home/oem/Desktop/Seguridad-y-Calidad/BACKEND/src/utils/rut.js": {"path":"/home/oem/Desktop/Seguridad-y-Calidad/BACKEND/src/utils/rut.js","statementMap":{"0":{"start":{"line":6,"column":2},"end":{"line":6,"column":23}},"1":{"start":{"line":6,"column":12},"end":{"line":6,"column":23}},"2":{"start":{"line":7,"column":2},"end":{"line":7,"column":32}},"3":{"start":{"line":10,"column":0},"end":{"line":12,"column":2}}},"fnMap":{"0":{"name":"normalizeRut","decl":{"start":{"line":5,"column":9},"end":{"line":5,"column":21}},"loc":{"start":{"line":5,"column":27},"end":{"line":8,"column":1}},"line":5}},"branchMap":{"0":{"loc":{"start":{"line":6,"column":2},"end":{"line":6,"column":23}},"type":"if","locations":[{"start":{"line":6,"column":2},"end":{"line":6,"column":23}},{"start":{},"end":{}}],"line":6}},"s":{"0":2,"1":0,"2":2,"3":8},"f":{"0":2},"b":{"0":[0,2]},"_coverageSchema":"1a1c01bbd47fc00a2c39e90264f33305004495a9","hash":"6c1ae914cc54e078599826a0fb2c13bb8060cdd6"}
,"/home/oem/Desktop/Seguridad-y-Calidad/BACKEND/src/validations/auth.js": {"path":"/home/oem/Desktop/Seguridad-y-Calidad/BACKEND/src/validations/auth.js","statementMap":{"0":{"start":{"line":1,"column":12},"end":{"line":1,"column":26}},"1":{"start":{"line":3,"column":20},"end":{"line":13,"column":2}},"2":{"start":{"line":15,"column":23},"end":{"line":34,"column":2}},"3":{"start":{"line":36,"column":0},"end":{"line":39,"column":2}}},"fnMap":{},"branchMap":{},"s":{"0":8,"1":8,"2":8,"3":8},"f":{},"b":{},"_coverageSchema":"1a1c01bbd47fc00a2c39e90264f33305004495a9","hash":"4332b80120610eac29dca91f93a617c7c230d1c6"}
,"/home/oem/Desktop/Seguridad-y-Calidad/BACKEND/src/validations/examenes.js": {"path":"/home/oem/Desktop/Seguridad-y-Calidad/BACKEND/src/validations/examenes.js","statementMap":{"0":{"start":{"line":1,"column":12},"end":{"line":1,"column":26}},"1":{"start":{"line":3,"column":27},"end":{"line":30,"column":2}},"2":{"start":{"line":32,"column":33},"end":{"line":49,"column":1}},"3":{"start":{"line":47,"column":4},"end":{"line":47,"column":41}},"4":{"start":{"line":51,"column":0},"end":{"line":54,"column":2}}},"fnMap":{"0":{"name":"(anonymous_0)","decl":{"start":{"line":46,"column":2},"end":{"line":46,"column":3}},"loc":{"start":{"line":46,"column":19},"end":{"line":48,"column":3}},"line":46}},"branchMap":{},"s":{"0":8,"1":8,"2":8,"3":0,"4":8},"f":{"0":0},"b":{},"_coverageSchema":"1a1c01bbd47fc00a2c39e90264f33305004495a9","hash":"30edcafcb0051fdf30fa830733888a97c9e523f7"}
,"/home/oem/Desktop/Seguridad-y-Calidad/BACKEND/src/validations/pacientes.js": {"path":"/home/oem/Desktop/Seguridad-y-Calidad/BACKEND/src/validations/pacientes.js","statementMap":{"0":{"start":{"line":1,"column":12},"end":{"line":1,"column":26}},"1":{"start":{"line":3,"column":23},"end":{"line":94,"column":2}},"2":{"start":{"line":96,"column":29},"end":{"line":130,"column":1}},"3":{"start":{"line":128,"column":4},"end":{"line":128,"column":41}},"4":{"start":{"line":132,"column":0},"end":{"line":135,"column":2}}},"fnMap":{"0":{"name":"(anonymous_0)","decl":{"start":{"line":127,"column":2},"end":{"line":127,"column":3}},"loc":{"start":{"line":127,"column":19},"end":{"line":129,"column":3}},"line":127}},"branchMap":{},"s":{"0":8,"1":8,"2":8,"3":0,"4":8},"f":{"0":0},"b":{},"_coverageSchema":"1a1c01bbd47fc00a2c39e90264f33305004495a9","hash":"72af4bc62fa6c07f41d4e26012a8253b6ec1637f"}
,"/home/oem/Desktop/Seguridad-y-Calidad/BACKEND/src/validations/users.js": {"path":"/home/oem/Desktop/Seguridad-y-Calidad/BACKEND/src/validations/users.js","statementMap":{"0":{"start":{"line":1,"column":12},"end":{"line":1,"column":26}},"1":{"start":{"line":3,"column":25},"end":{"line":23,"column":2}},"2":{"start":{"line":25,"column":25},"end":{"line":46,"column":1}},"3":{"start":{"line":44,"column":4},"end":{"line":44,"column":41}},"4":{"start":{"line":48,"column":0},"end":{"line":51,"column":2}}},"fnMap":{"0":{"name":"(anonymous_0)","decl":{"start":{"line":43,"column":2},"end":{"line":43,"column":3}},"loc":{"start":{"line":43,"column":19},"end":{"line":45,"column":3}},"line":43}},"branchMap":{},"s":{"0":8,"1":8,"2":8,"3":0,"4":8},"f":{"0":0},"b":{},"_coverageSchema":"1a1c01bbd47fc00a2c39e90264f33305004495a9","hash":"1da0f49cf3e560601e1964af4c51ac0bfe411672"}
,"/home/oem/Desktop/Seguridad-y-Calidad/BACKEND/tests/testUtils.js": {"path":"/home/oem/Desktop/Seguridad-y-Calidad/BACKEND/tests/testUtils.js","statementMap":{"0":{"start":{"line":1,"column":12},"end":{"line":1,"column":35}},"1":{"start":{"line":3,"column":19},"end":{"line":3,"column":55}},"2":{"start":{"line":6,"column":14},"end":{"line":6,"column":30}},"3":{"start":{"line":7,"column":2},"end":{"line":18,"column":4}},"4":{"start":{"line":21,"column":22},"end":{"line":29,"column":1}},"5":{"start":{"line":31,"column":20},"end":{"line":38,"column":1}},"6":{"start":{"line":40,"column":0},"end":{"line":40,"column":58}}},"fnMap":{"0":{"name":"tokenFor","decl":{"start":{"line":5,"column":9},"end":{"line":5,"column":17}},"loc":{"start":{"line":5,"column":80},"end":{"line":19,"column":1}},"line":5}},"branchMap":{"0":{"loc":{"start":{"line":3,"column":19},"end":{"line":3,"column":55}},"type":"binary-expr","locations":[{"start":{"line":3,"column":19},"end":{"line":3,"column":41}},{"start":{"line":3,"column":45},"end":{"line":3,"column":55}}],"line":3},"1":{"loc":{"start":{"line":5,"column":18},"end":{"line":5,"column":78}},"type":"default-arg","locations":[{"start":{"line":5,"column":76},"end":{"line":5,"column":78}}],"line":5},"2":{"loc":{"start":{"line":5,"column":20},"end":{"line":5,"column":33}},"type":"default-arg","locations":[{"start":{"line":5,"column":32},"end":{"line":5,"column":33}}],"line":5},"3":{"loc":{"start":{"line":5,"column":35},"end":{"line":5,"column":59}},"type":"default-arg","locations":[{"start":{"line":5,"column":51},"end":{"line":5,"column":59}}],"line":5},"4":{"loc":{"start":{"line":5,"column":61},"end":{"line":5,"column":71}},"type":"default-arg","locations":[{"start":{"line":5,"column":69},"end":{"line":5,"column":71}}],"line":5},"5":{"loc":{"start":{"line":6,"column":14},"end":{"line":6,"column":30}},"type":"binary-expr","locations":[{"start":{"line":6,"column":14},"end":{"line":6,"column":22}},{"start":{"line":6,"column":26},"end":{"line":6,"column":30}}],"line":6},"6":{"loc":{"start":{"line":11,"column":13},"end":{"line":11,"column":28}},"type":"binary-expr","locations":[{"start":{"line":11,"column":13},"end":{"line":11,"column":20}},{"start":{"line":11,"column":24},"end":{"line":11,"column":28}}],"line":11},"7":{"loc":{"start":{"line":12,"column":17},"end":{"line":12,"column":36}},"type":"binary-expr","locations":[{"start":{"line":12,"column":17},"end":{"line":12,"column":28}},{"start":{"line":12,"column":32},"end":{"line":12,"column":36}}],"line":12}},"s":{"0":4,"1":4,"2":20,"3":20,"4":4,"5":4,"6":4},"f":{"0":20},"b":{"0":[4,4],"1":[0],"2":[0],"3":[20],"4":[0],"5":[20,0],"6":[20,0],"7":[20,0]},"_coverageSchema":"1a1c01bbd47fc00a2c39e90264f33305004495a9","hash":"007e0f7968f4aa2522cbe2fc6a4d44884b2d1d1a"}
}
