TN:
SF:src/app.js
FN:39,(anonymous_0)
FN:45,(anonymous_1)
FNF:2
FNH:0
FNDA:0,(anonymous_0)
FNDA:0,(anonymous_1)
DA:1,8
DA:2,8
DA:3,8
DA:4,8
DA:5,8
DA:6,8
DA:8,8
DA:10,8
DA:11,8
DA:12,8
DA:13,8
DA:14,8
DA:15,8
DA:16,8
DA:17,8
DA:19,8
DA:21,8
DA:22,8
DA:23,8
DA:25,8
DA:26,8
DA:28,8
DA:29,8
DA:30,8
DA:31,8
DA:32,8
DA:33,8
DA:34,8
DA:35,8
DA:37,8
DA:38,8
DA:39,8
DA:40,0
DA:43,8
DA:45,8
DA:46,0
DA:49,8
LF:37
LH:35
BRF:0
BRH:0
end_of_record
TN:
SF:src/middleware/delay.js
FN:5,(anonymous_0)
FN:6,(anonymous_1)
FN:7,(anonymous_2)
FNF:3
FNH:1
FNDA:25,(anonymous_0)
FNDA:0,(anonymous_1)
FNDA:0,(anonymous_2)
DA:5,5
DA:6,25
DA:7,0
DA:8,0
DA:13,5
LF:5
LH:3
BRDA:5,0,0,0
BRF:1
BRH:0
end_of_record
TN:
SF:src/middleware/validate.js
FN:1,(anonymous_0)
FN:2,(anonymous_1)
FN:9,(anonymous_2)
FNF:3
FNH:3
FNDA:64,(anonymous_0)
FNDA:16,(anonymous_1)
FNDA:7,(anonymous_2)
DA:1,8
DA:2,64
DA:3,16
DA:4,16
DA:5,16
DA:6,13
DA:8,3
DA:9,7
DA:13,3
DA:19,0
DA:27,8
LF:11
LH:10
BRDA:1,0,0,64
BRDA:8,1,0,3
BRDA:8,1,1,0
BRDA:21,2,0,0
BRDA:21,2,1,0
BRF:5
BRH:2
end_of_record
TN:
SF:src/routes/audit.js
FN:8,getUserFromAuthHeader
FN:19,(anonymous_1)
FN:46,(anonymous_2)
FN:79,(anonymous_3)
FNF:4
FNH:2
FNDA:2,getUserFromAuthHeader
FNDA:0,(anonymous_1)
FNDA:2,(anonymous_2)
FNDA:0,(anonymous_3)
DA:1,8
DA:2,8
DA:3,8
DA:5,8
DA:6,8
DA:9,2
DA:10,2
DA:11,0
DA:12,0
DA:13,0
DA:15,0
DA:19,8
DA:20,0
DA:21,0
DA:22,0
DA:23,0
DA:24,0
DA:29,0
DA:30,0
DA:34,0
DA:36,0
DA:37,0
DA:46,8
DA:47,2
DA:48,2
DA:49,2
DA:50,2
DA:59,0
DA:60,0
DA:72,0
DA:79,0
DA:80,0
DA:83,0
DA:84,0
DA:92,0
DA:100,0
DA:102,0
DA:103,0
DA:112,8
LF:39
LH:14
BRDA:6,0,0,8
BRDA:6,0,1,8
BRDA:9,1,0,2
BRDA:9,1,1,2
BRDA:10,2,0,2
BRDA:10,2,1,0
BRDA:23,3,0,0
BRDA:23,3,1,0
BRDA:29,4,0,0
BRDA:29,4,1,0
BRDA:32,5,0,0
BRDA:32,5,1,0
BRDA:41,6,0,0
BRDA:41,6,1,0
BRDA:49,7,0,2
BRDA:49,7,1,0
BRDA:59,8,0,0
BRDA:59,8,1,0
BRDA:83,9,0,0
BRDA:83,9,1,0
BRDA:107,10,0,0
BRDA:107,10,1,0
BRF:22
BRH:6
end_of_record
TN:
SF:src/routes/auth.js
FN:10,(anonymous_0)
FN:33,(anonymous_1)
FN:71,(anonymous_2)
FNF:3
FNH:3
FNDA:3,(anonymous_0)
FNDA:1,(anonymous_1)
FNDA:2,(anonymous_2)
DA:1,8
DA:2,8
DA:3,8
DA:4,8
DA:5,8
DA:6,8
DA:7,8
DA:8,8
DA:10,8
DA:11,3
DA:12,3
DA:13,3
DA:17,3
DA:18,1
DA:20,2
DA:21,2
DA:22,1
DA:26,1
DA:33,1
DA:34,1
DA:35,1
DA:38,1
DA:42,1
DA:44,1
DA:57,1
DA:62,1
DA:64,0
DA:65,0
DA:71,8
DA:72,2
DA:73,2
DA:75,2
DA:78,2
DA:79,2
DA:80,0
DA:84,0
DA:85,0
DA:87,0
DA:88,0
DA:97,2
DA:101,2
DA:102,1
DA:109,1
DA:113,1
DA:116,1
DA:119,1
DA:120,1
DA:127,1
DA:128,0
DA:130,0
DA:136,0
DA:144,1
DA:149,1
DA:154,0
DA:155,0
DA:156,0
DA:161,0
DA:168,8
LF:58
LH:44
BRDA:8,0,0,8
BRDA:8,0,1,8
BRDA:17,1,0,1
BRDA:17,1,1,2
BRDA:21,2,0,1
BRDA:21,2,1,1
BRDA:34,3,0,1
BRDA:34,3,1,0
BRDA:35,4,0,1
BRDA:35,4,1,0
BRDA:42,5,0,0
BRDA:42,5,1,1
BRDA:67,6,0,0
BRDA:67,6,1,0
BRDA:75,7,0,0
BRDA:75,7,1,2
BRDA:79,8,0,0
BRDA:79,8,1,2
BRDA:84,9,0,0
BRDA:84,9,1,0
BRDA:87,10,0,0
BRDA:87,10,1,0
BRDA:101,11,0,1
BRDA:101,11,1,1
BRDA:119,12,0,1
BRDA:119,12,1,0
BRDA:127,13,0,0
BRDA:127,13,1,1
BRDA:128,14,0,0
BRDA:128,14,1,0
BRDA:155,15,0,0
BRDA:155,15,1,0
BRDA:163,16,0,0
BRDA:163,16,1,0
BRF:34
BRH:15
end_of_record
TN:
SF:src/routes/documentos.js
FN:15,(anonymous_0)
FN:30,getUserFromAuthHeader
FN:41,requireRole
FN:53,(anonymous_3)
FN:54,(anonymous_4)
FN:55,(anonymous_5)
FN:60,(anonymous_6)
FN:66,(anonymous_7)
FN:121,(anonymous_8)
FN:140,(anonymous_9)
FN:184,(anonymous_10)
FN:203,(anonymous_11)
FN:263,(anonymous_12)
FNF:13
FNH:11
FNDA:3,(anonymous_0)
FNDA:7,getUserFromAuthHeader
FNDA:4,requireRole
FNDA:3,(anonymous_3)
FNDA:3,(anonymous_4)
FNDA:4,(anonymous_5)
FNDA:0,(anonymous_6)
FNDA:4,(anonymous_7)
FNDA:2,(anonymous_8)
FNDA:1,(anonymous_9)
FNDA:1,(anonymous_10)
FNDA:1,(anonymous_11)
FNDA:0,(anonymous_12)
DA:1,8
DA:2,8
DA:3,8
DA:4,8
DA:5,8
DA:6,8
DA:7,8
DA:10,8
DA:16,3
DA:22,3
DA:23,3
DA:25,0
DA:31,7
DA:32,7
DA:33,5
DA:34,5
DA:35,5
DA:37,0
DA:42,4
DA:43,4
DA:44,1
DA:47,3
DA:54,3
DA:55,4
DA:56,3
DA:57,1
DA:59,2
DA:61,0
DA:66,8
DA:67,4
DA:68,4
DA:69,4
DA:70,2
DA:75,2
DA:77,2
DA:79,2
DA:80,0
DA:86,2
DA:87,1
DA:93,1
DA:100,1
DA:102,1
DA:110,1
DA:112,0
DA:113,0
DA:121,8
DA:122,2
DA:123,2
DA:125,2
DA:126,1
DA:133,1
DA:140,1
DA:143,1
DA:144,0
DA:151,0
DA:153,0
DA:158,1
DA:159,0
DA:165,1
DA:173,1
DA:175,0
DA:176,0
DA:184,8
DA:185,1
DA:186,1
DA:188,1
DA:189,0
DA:196,1
DA:203,1
DA:206,1
DA:215,1
DA:216,0
DA:219,1
DA:222,1
DA:223,0
DA:224,0
DA:229,1
DA:230,0
DA:237,1
DA:238,1
DA:239,1
DA:240,0
DA:241,1
DA:242,0
DA:243,1
DA:244,1
DA:247,1
DA:248,1
DA:252,1
DA:254,0
DA:255,0
DA:263,8
DA:264,0
DA:265,0
DA:266,0
DA:267,0
DA:272,0
DA:274,0
DA:279,0
DA:280,0
DA:282,0
DA:290,0
DA:292,0
DA:293,0
DA:300,8
LF:105
LH:72
BRDA:7,0,0,8
BRDA:7,0,1,8
BRDA:22,1,0,3
BRDA:22,1,1,0
BRDA:31,2,0,7
BRDA:31,2,1,2
BRDA:32,3,0,2
BRDA:32,3,1,5
BRDA:43,4,0,1
BRDA:43,4,1,3
BRDA:56,5,0,1
BRDA:56,5,1,2
BRDA:69,6,0,2
BRDA:69,6,1,2
BRDA:79,7,0,0
BRDA:79,7,1,2
BRDA:79,8,0,2
BRDA:79,8,1,2
BRDA:86,9,0,1
BRDA:86,9,1,1
BRDA:105,10,0,1
BRDA:105,10,1,0
BRDA:115,11,0,0
BRDA:115,11,1,0
BRDA:125,12,0,1
BRDA:125,12,1,1
BRDA:143,13,0,0
BRDA:143,13,1,1
BRDA:151,14,0,0
BRDA:151,14,1,0
BRDA:151,15,0,0
BRDA:151,15,1,0
BRDA:158,16,0,0
BRDA:158,16,1,1
BRDA:158,17,0,1
BRDA:158,17,1,0
BRDA:178,18,0,0
BRDA:178,18,1,0
BRDA:188,19,0,0
BRDA:188,19,1,1
BRDA:215,20,0,0
BRDA:215,20,1,1
BRDA:222,21,0,0
BRDA:222,21,1,1
BRDA:223,22,0,0
BRDA:223,22,1,0
BRDA:229,23,0,0
BRDA:229,23,1,1
BRDA:229,24,0,1
BRDA:229,24,1,0
BRDA:239,25,0,0
BRDA:239,25,1,1
BRDA:241,26,0,0
BRDA:241,26,1,1
BRDA:243,27,0,1
BRDA:243,27,1,0
BRDA:257,28,0,0
BRDA:257,28,1,0
BRDA:266,29,0,0
BRDA:266,29,1,0
BRDA:279,30,0,0
BRDA:279,30,1,0
BRDA:285,31,0,0
BRDA:285,31,1,0
BRDA:295,32,0,0
BRDA:295,32,1,0
BRF:66
BRH:32
end_of_record
TN:
SF:src/routes/examenes.js
FN:10,getUserFromAuthHeader
FN:21,requireRole
FN:33,(anonymous_2)
FN:34,(anonymous_3)
FN:35,(anonymous_4)
FN:40,(anonymous_5)
FN:46,(anonymous_6)
FN:99,(anonymous_7)
FN:117,(anonymous_8)
FN:121,(anonymous_9)
FN:179,(anonymous_10)
FN:197,(anonymous_11)
FN:201,(anonymous_12)
FN:262,(anonymous_13)
FN:275,(anonymous_14)
FN:330,(anonymous_15)
FN:396,(anonymous_16)
FNF:17
FNH:11
FNDA:7,getUserFromAuthHeader
FNDA:3,requireRole
FNDA:2,(anonymous_2)
FNDA:2,(anonymous_3)
FNDA:3,(anonymous_4)
FNDA:0,(anonymous_5)
FNDA:3,(anonymous_6)
FNDA:3,(anonymous_7)
FNDA:2,(anonymous_8)
FNDA:2,(anonymous_9)
FNDA:0,(anonymous_10)
FNDA:0,(anonymous_11)
FNDA:0,(anonymous_12)
FNDA:1,(anonymous_13)
FNDA:1,(anonymous_14)
FNDA:0,(anonymous_15)
FNDA:0,(anonymous_16)
DA:1,8
DA:2,8
DA:3,8
DA:4,8
DA:5,8
DA:6,8
DA:7,8
DA:8,8
DA:11,7
DA:12,7
DA:13,5
DA:14,5
DA:15,5
DA:17,0
DA:22,3
DA:23,3
DA:24,1
DA:27,2
DA:34,2
DA:35,3
DA:36,2
DA:37,1
DA:39,1
DA:41,0
DA:46,8
DA:47,3
DA:48,3
DA:49,3
DA:50,2
DA:55,1
DA:64,1
DA:66,1
DA:80,1
DA:88,1
DA:90,0
DA:91,0
DA:99,8
DA:100,3
DA:101,3
DA:102,3
DA:103,1
DA:110,2
DA:117,2
DA:120,2
DA:121,2
DA:122,0
DA:128,2
DA:140,2
DA:141,2
DA:144,2
DA:146,1
DA:151,1
DA:152,0
DA:158,1
DA:159,1
DA:160,1
DA:161,1
DA:164,2
DA:166,2
DA:168,2
DA:170,0
DA:171,0
DA:179,8
DA:180,0
DA:181,0
DA:182,0
DA:183,0
DA:190,0
DA:197,0
DA:200,0
DA:201,0
DA:202,0
DA:208,0
DA:221,0
DA:224,0
DA:226,0
DA:231,0
DA:232,0
DA:238,0
DA:239,0
DA:240,0
DA:243,0
DA:245,0
DA:246,0
DA:251,0
DA:253,0
DA:254,0
DA:262,8
DA:263,1
DA:264,1
DA:267,1
DA:268,1
DA:275,1
DA:277,1
DA:279,1
DA:283,1
DA:285,1
DA:290,0
DA:291,0
DA:297,0
DA:303,0
DA:319,0
DA:321,0
DA:322,0
DA:330,8
DA:331,0
DA:332,0
DA:333,0
DA:334,0
DA:339,0
DA:341,0
DA:342,0
DA:343,0
DA:345,0
DA:354,0
DA:355,0
DA:356,0
DA:357,0
DA:361,0
DA:362,0
DA:368,0
DA:369,0
DA:374,0
DA:375,0
DA:377,0
DA:385,0
DA:387,0
DA:388,0
DA:396,8
DA:397,0
DA:398,0
DA:399,0
DA:400,0
DA:405,0
DA:407,0
DA:412,0
DA:413,0
DA:415,0
DA:423,0
DA:425,0
DA:426,0
DA:433,8
LF:142
LH:68
BRDA:8,0,0,8
BRDA:8,0,1,8
BRDA:11,1,0,7
BRDA:11,1,1,2
BRDA:12,2,0,2
BRDA:12,2,1,5
BRDA:23,3,0,1
BRDA:23,3,1,2
BRDA:36,4,0,1
BRDA:36,4,1,1
BRDA:49,5,0,2
BRDA:49,5,1,1
BRDA:73,6,0,1
BRDA:73,6,1,0
BRDA:74,7,0,1
BRDA:74,7,1,0
BRDA:75,8,0,1
BRDA:75,8,1,0
BRDA:76,9,0,1
BRDA:76,9,1,0
BRDA:83,10,0,1
BRDA:83,10,1,0
BRDA:93,11,0,0
BRDA:93,11,1,0
BRDA:102,12,0,1
BRDA:102,12,1,2
BRDA:121,13,0,0
BRDA:121,13,1,2
BRDA:144,14,0,1
BRDA:144,14,1,1
BRDA:144,15,0,2
BRDA:144,15,1,1
BRDA:144,15,2,1
BRDA:151,16,0,0
BRDA:151,16,1,1
BRDA:173,17,0,0
BRDA:173,17,1,0
BRDA:182,18,0,0
BRDA:182,18,1,0
BRDA:201,19,0,0
BRDA:201,19,1,0
BRDA:224,20,0,0
BRDA:224,20,1,0
BRDA:224,21,0,0
BRDA:224,21,1,0
BRDA:224,21,2,0
BRDA:231,22,0,0
BRDA:231,22,1,0
BRDA:245,23,0,0
BRDA:245,23,1,0
BRDA:256,24,0,0
BRDA:256,24,1,0
BRDA:267,25,0,1
BRDA:267,25,1,0
BRDA:277,26,0,1
BRDA:277,26,1,0
BRDA:283,27,0,1
BRDA:283,27,1,0
BRDA:283,28,0,1
BRDA:283,28,1,1
BRDA:290,29,0,0
BRDA:290,29,1,0
BRDA:290,30,0,0
BRDA:290,30,1,0
BRDA:324,31,0,0
BRDA:324,31,1,0
BRDA:333,32,0,0
BRDA:333,32,1,0
BRDA:355,33,0,0
BRDA:355,33,1,0
BRDA:361,34,0,0
BRDA:361,34,1,0
BRDA:374,35,0,0
BRDA:374,35,1,0
BRDA:380,36,0,0
BRDA:380,36,1,0
BRDA:390,37,0,0
BRDA:390,37,1,0
BRDA:399,38,0,0
BRDA:399,38,1,0
BRDA:412,39,0,0
BRDA:412,39,1,0
BRDA:418,40,0,0
BRDA:418,40,1,0
BRDA:428,41,0,0
BRDA:428,41,1,0
BRF:86
BRH:31
end_of_record
TN:
SF:src/routes/pacientes.js
FN:11,getUserFromAuthHeader
FN:22,requireRole
FN:35,(anonymous_2)
FN:36,(anonymous_3)
FN:37,(anonymous_4)
FN:42,(anonymous_5)
FN:48,(anonymous_6)
FN:145,(anonymous_7)
FN:173,(anonymous_8)
FN:191,(anonymous_9)
FN:249,(anonymous_10)
FN:276,(anonymous_11)
FN:294,(anonymous_12)
FN:387,(anonymous_13)
FNF:14
FNH:10
FNDA:6,getUserFromAuthHeader
FNDA:5,requireRole
FNDA:3,(anonymous_2)
FNDA:3,(anonymous_3)
FNDA:4,(anonymous_4)
FNDA:0,(anonymous_5)
FNDA:3,(anonymous_6)
FNDA:2,(anonymous_7)
FNDA:1,(anonymous_8)
FNDA:1,(anonymous_9)
FNDA:1,(anonymous_10)
FNDA:0,(anonymous_11)
FNDA:0,(anonymous_12)
FNDA:0,(anonymous_13)
DA:1,8
DA:2,8
DA:3,8
DA:4,8
DA:5,8
DA:6,8
DA:7,8
DA:8,8
DA:9,8
DA:12,6
DA:13,6
DA:14,4
DA:15,4
DA:16,4
DA:18,0
DA:23,5
DA:24,5
DA:25,2
DA:29,3
DA:36,3
DA:37,4
DA:38,3
DA:39,1
DA:41,2
DA:43,0
DA:48,8
DA:49,3
DA:50,3
DA:51,3
DA:52,2
DA:57,1
DA:82,1
DA:84,1
DA:120,1
DA:128,1
DA:130,0
DA:131,0
DA:132,0
DA:137,0
DA:145,8
DA:146,2
DA:147,2
DA:148,2
DA:149,1
DA:155,1
DA:162,1
DA:164,0
DA:165,0
DA:173,8
DA:174,1
DA:175,1
DA:176,1
DA:177,0
DA:184,1
DA:191,1
DA:194,1
DA:195,1
DA:197,1
DA:198,0
DA:205,1
DA:206,1
DA:211,1
DA:212,0
DA:218,1
DA:219,1
DA:220,1
DA:227,0
DA:235,0
DA:236,0
DA:238,0
DA:240,0
DA:241,0
DA:249,8
DA:250,1
DA:251,1
DA:252,1
DA:254,1
DA:262,1
DA:263,1
DA:265,0
DA:267,0
DA:268,0
DA:276,8
DA:277,0
DA:278,0
DA:279,0
DA:280,0
DA:287,0
DA:294,0
DA:297,0
DA:298,0
DA:300,0
DA:301,0
DA:308,0
DA:309,0
DA:314,0
DA:315,0
DA:321,0
DA:322,0
DA:323,0
DA:330,0
DA:331,0
DA:332,0
DA:334,0
DA:344,0
DA:345,0
DA:346,0
DA:348,0
DA:352,0
DA:353,0
DA:359,0
DA:360,0
DA:365,0
DA:366,0
DA:368,0
DA:376,0
DA:378,0
DA:379,0
DA:387,8
DA:388,0
DA:389,0
DA:390,0
DA:391,0
DA:396,0
DA:398,0
DA:403,0
DA:404,0
DA:406,0
DA:414,0
DA:416,0
DA:417,0
DA:424,8
LF:132
LH:65
BRDA:9,0,0,8
BRDA:9,0,1,8
BRDA:12,1,0,6
BRDA:12,1,1,2
BRDA:13,2,0,2
BRDA:13,2,1,4
BRDA:24,3,0,2
BRDA:24,3,1,3
BRDA:38,4,0,1
BRDA:38,4,1,2
BRDA:51,5,0,2
BRDA:51,5,1,1
BRDA:98,6,0,1
BRDA:98,6,1,0
BRDA:101,7,0,1
BRDA:101,7,1,1
BRDA:102,8,0,1
BRDA:102,8,1,1
BRDA:104,9,0,1
BRDA:104,9,1,1
BRDA:105,10,0,1
BRDA:105,10,1,1
BRDA:106,11,0,1
BRDA:106,11,1,1
BRDA:107,12,0,1
BRDA:107,12,1,1
BRDA:108,13,0,1
BRDA:108,13,1,1
BRDA:109,14,0,1
BRDA:109,14,1,1
BRDA:110,15,0,1
BRDA:110,15,1,1
BRDA:111,16,0,1
BRDA:111,16,1,1
BRDA:112,17,0,1
BRDA:112,17,1,1
BRDA:113,18,0,1
BRDA:113,18,1,1
BRDA:114,19,0,1
BRDA:114,19,1,1
BRDA:115,20,0,1
BRDA:115,20,1,1
BRDA:116,21,0,1
BRDA:116,21,1,1
BRDA:123,22,0,1
BRDA:123,22,1,0
BRDA:131,23,0,0
BRDA:131,23,1,0
BRDA:139,24,0,0
BRDA:139,24,1,0
BRDA:148,25,0,1
BRDA:148,25,1,1
BRDA:167,26,0,0
BRDA:167,26,1,0
BRDA:176,27,0,0
BRDA:176,27,1,1
BRDA:194,28,0,1
BRDA:194,28,1,1
BRDA:195,29,0,1
BRDA:195,29,1,1
BRDA:197,30,0,0
BRDA:197,30,1,1
BRDA:197,31,0,1
BRDA:197,31,1,1
BRDA:205,32,0,1
BRDA:205,32,1,0
BRDA:211,33,0,0
BRDA:211,33,1,1
BRDA:219,34,0,1
BRDA:219,34,1,0
BRDA:235,35,0,0
BRDA:235,35,1,0
BRDA:243,36,0,0
BRDA:243,36,1,0
BRDA:262,37,0,1
BRDA:262,37,1,0
BRDA:270,38,0,0
BRDA:270,38,1,0
BRDA:279,39,0,0
BRDA:279,39,1,0
BRDA:297,40,0,0
BRDA:297,40,1,0
BRDA:298,41,0,0
BRDA:298,41,1,0
BRDA:300,42,0,0
BRDA:300,42,1,0
BRDA:300,43,0,0
BRDA:300,43,1,0
BRDA:308,44,0,0
BRDA:308,44,1,0
BRDA:314,45,0,0
BRDA:314,45,1,0
BRDA:322,46,0,0
BRDA:322,46,1,0
BRDA:345,47,0,0
BRDA:345,47,1,0
BRDA:348,48,0,0
BRDA:348,48,1,0
BRDA:352,49,0,0
BRDA:352,49,1,0
BRDA:365,50,0,0
BRDA:365,50,1,0
BRDA:371,51,0,0
BRDA:371,51,1,0
BRDA:381,52,0,0
BRDA:381,52,1,0
BRDA:390,53,0,0
BRDA:390,53,1,0
BRDA:403,54,0,0
BRDA:403,54,1,0
BRDA:409,55,0,0
BRDA:409,55,1,0
BRDA:419,56,0,0
BRDA:419,56,1,0
BRF:114
BRH:58
end_of_record
TN:
SF:src/routes/roles.js
FN:7,getUserFromAuthHeader
FN:18,(anonymous_1)
FN:36,(anonymous_2)
FN:46,(anonymous_3)
FN:57,(anonymous_4)
FN:76,(anonymous_5)
FNF:6
FNH:2
FNDA:0,getUserFromAuthHeader
FNDA:0,(anonymous_1)
FNDA:2,(anonymous_2)
FNDA:2,(anonymous_3)
FNDA:0,(anonymous_4)
FNDA:0,(anonymous_5)
DA:1,8
DA:2,8
DA:3,8
DA:4,8
DA:5,8
DA:8,0
DA:9,0
DA:10,0
DA:11,0
DA:12,0
DA:14,0
DA:18,8
DA:19,0
DA:20,0
DA:21,0
DA:23,0
DA:24,0
DA:29,0
DA:31,0
DA:32,0
DA:36,8
DA:37,2
DA:38,2
DA:39,1
DA:41,1
DA:42,1
DA:46,8
DA:47,2
DA:48,2
DA:49,2
DA:50,1
DA:52,0
DA:53,0
DA:57,8
DA:58,0
DA:59,0
DA:60,0
DA:61,0
DA:63,0
DA:64,0
DA:69,0
DA:71,0
DA:72,0
DA:76,8
DA:77,0
DA:78,0
DA:79,0
DA:81,0
DA:82,0
DA:87,0
DA:89,0
DA:90,0
DA:94,8
LF:53
LH:20
BRDA:5,0,0,8
BRDA:5,0,1,8
BRDA:8,1,0,0
BRDA:8,1,1,0
BRDA:9,2,0,0
BRDA:9,2,1,0
BRDA:25,3,0,0
BRDA:25,3,1,0
BRDA:32,4,0,0
BRDA:32,4,1,0
BRDA:42,5,0,1
BRDA:42,5,1,0
BRDA:49,6,0,1
BRDA:49,6,1,1
BRDA:53,7,0,0
BRDA:53,7,1,0
BRDA:61,8,0,0
BRDA:61,8,1,0
BRDA:65,9,0,0
BRDA:65,9,1,0
BRDA:72,10,0,0
BRDA:72,10,1,0
BRDA:79,11,0,0
BRDA:79,11,1,0
BRDA:83,12,0,0
BRDA:83,12,1,0
BRDA:90,13,0,0
BRDA:90,13,1,0
BRF:28
BRH:5
end_of_record
TN:
SF:src/routes/tipo-examen.js
FN:6,(anonymous_0)
FN:22,(anonymous_1)
FNF:2
FNH:1
FNDA:2,(anonymous_0)
FNDA:0,(anonymous_1)
DA:1,8
DA:2,8
DA:3,8
DA:6,8
DA:7,2
DA:8,2
DA:11,1
DA:13,1
DA:14,1
DA:22,8
DA:23,0
DA:24,0
DA:29,0
DA:30,0
DA:32,0
DA:34,0
DA:35,0
DA:42,8
LF:18
LH:11
BRDA:16,0,0,1
BRDA:16,0,1,0
BRDA:29,1,0,0
BRDA:29,1,1,0
BRDA:37,2,0,0
BRDA:37,2,1,0
BRF:6
BRH:1
end_of_record
TN:
SF:src/routes/users.js
FN:10,getUserFromAuthHeader
FN:23,(anonymous_1)
FN:74,(anonymous_2)
FN:112,(anonymous_3)
FN:140,(anonymous_4)
FN:200,(anonymous_5)
FN:246,(anonymous_6)
FN:283,updateUsuarioEmpresa
FN:437,updateUsuarioSistemaMedico
FN:452,(anonymous_9)
FN:571,(anonymous_10)
FNF:11
FNH:6
FNDA:7,getUserFromAuthHeader
FNDA:2,(anonymous_1)
FNDA:3,(anonymous_2)
FNDA:2,(anonymous_3)
FNDA:2,(anonymous_4)
FNDA:1,(anonymous_5)
FNDA:0,(anonymous_6)
FNDA:0,updateUsuarioEmpresa
FNDA:0,updateUsuarioSistemaMedico
FNDA:0,(anonymous_9)
FNDA:0,(anonymous_10)
DA:1,8
DA:2,8
DA:3,8
DA:4,8
DA:5,8
DA:7,8
DA:8,8
DA:11,7
DA:12,7
DA:13,4
DA:14,4
DA:15,4
DA:16,4
DA:18,0
DA:19,0
DA:23,8
DA:24,2
DA:25,2
DA:26,2
DA:27,2
DA:28,1
DA:35,1
DA:39,1
DA:42,1
DA:43,0
DA:47,1
DA:49,1
DA:56,1
DA:64,1
DA:66,0
DA:67,0
DA:74,8
DA:75,3
DA:76,3
DA:77,3
DA:78,1
DA:85,2
DA:88,2
DA:89,0
DA:97,0
DA:98,0
DA:99,0
DA:101,0
DA:105,2
DA:112,2
DA:113,2
DA:116,2
DA:117,1
DA:124,1
DA:130,1
DA:132,0
DA:133,0
DA:140,8
DA:141,2
DA:142,2
DA:143,2
DA:144,1
DA:151,1
DA:153,0
DA:168,0
DA:169,0
DA:171,0
DA:174,0
DA:176,0
DA:182,0
DA:185,0
DA:188,0
DA:193,1
DA:200,1
DA:202,1
DA:203,1
DA:206,1
DA:207,0
DA:214,1
DA:230,1
DA:231,0
DA:233,1
DA:234,1
DA:236,1
DA:238,0
DA:239,0
DA:246,8
DA:247,0
DA:248,0
DA:249,0
DA:250,0
DA:251,0
DA:258,0
DA:259,0
DA:268,0
DA:275,0
DA:276,0
DA:289,0
DA:291,0
DA:299,0
DA:300,0
DA:306,0
DA:307,0
DA:308,0
DA:310,0
DA:311,0
DA:318,0
DA:320,0
DA:324,0
DA:330,0
DA:337,0
DA:339,0
DA:346,0
DA:347,0
DA:357,0
DA:358,0
DA:359,0
DA:361,0
DA:362,0
DA:363,0
DA:365,0
DA:366,0
DA:367,0
DA:369,0
DA:370,0
DA:371,0
DA:374,0
DA:375,0
DA:376,0
DA:382,0
DA:383,0
DA:387,0
DA:388,0
DA:393,0
DA:394,0
DA:402,0
DA:417,0
DA:427,0
DA:429,0
DA:430,0
DA:443,0
DA:445,0
DA:452,0
DA:453,0
DA:455,0
DA:456,0
DA:459,0
DA:460,0
DA:461,0
DA:466,0
DA:467,0
DA:476,0
DA:477,0
DA:484,0
DA:485,0
DA:492,0
DA:493,0
DA:494,0
DA:496,0
DA:497,0
DA:498,0
DA:500,0
DA:501,0
DA:502,0
DA:504,0
DA:505,0
DA:506,0
DA:509,0
DA:510,0
DA:511,0
DA:517,0
DA:518,0
DA:522,0
DA:524,0
DA:528,0
DA:535,0
DA:551,0
DA:561,0
DA:563,0
DA:564,0
DA:571,8
DA:572,0
DA:573,0
DA:577,0
DA:578,0
DA:580,0
DA:581,0
DA:589,0
DA:591,0
DA:592,0
DA:599,8
LF:186
LH:59
BRDA:8,0,0,8
BRDA:8,0,1,8
BRDA:11,1,0,7
BRDA:11,1,1,3
BRDA:12,2,0,3
BRDA:12,2,1,4
BRDA:27,3,0,1
BRDA:27,3,1,1
BRDA:42,4,0,0
BRDA:42,4,1,1
BRDA:42,5,0,1
BRDA:42,5,1,0
BRDA:47,6,0,1
BRDA:47,6,1,0
BRDA:59,7,0,1
BRDA:59,7,1,0
BRDA:60,8,0,1
BRDA:60,8,1,0
BRDA:69,9,0,0
BRDA:69,9,1,0
BRDA:77,10,0,1
BRDA:77,10,1,2
BRDA:88,11,0,0
BRDA:88,11,1,2
BRDA:97,12,0,0
BRDA:97,12,1,0
BRDA:101,13,0,0
BRDA:101,13,1,0
BRDA:101,13,2,0
BRDA:113,14,0,2
BRDA:113,14,1,1
BRDA:116,15,0,1
BRDA:116,15,1,1
BRDA:135,16,0,0
BRDA:135,16,1,0
BRDA:143,17,0,1
BRDA:143,17,1,1
BRDA:151,18,0,0
BRDA:151,18,1,1
BRDA:168,19,0,0
BRDA:168,19,1,0
BRDA:174,20,0,0
BRDA:174,20,1,0
BRDA:202,21,0,1
BRDA:202,21,1,1
BRDA:203,22,0,1
BRDA:203,22,1,1
BRDA:206,23,0,0
BRDA:206,23,1,1
BRDA:206,24,0,1
BRDA:206,24,1,1
BRDA:230,25,0,0
BRDA:230,25,1,1
BRDA:241,26,0,0
BRDA:241,26,1,0
BRDA:250,27,0,0
BRDA:250,27,1,0
BRDA:258,28,0,0
BRDA:258,28,1,0
BRDA:278,29,0,0
BRDA:278,29,1,0
BRDA:299,30,0,0
BRDA:299,30,1,0
BRDA:308,31,0,0
BRDA:308,31,1,0
BRDA:308,31,2,0
BRDA:310,32,0,0
BRDA:310,32,1,0
BRDA:318,33,0,0
BRDA:318,33,1,0
BRDA:320,34,0,0
BRDA:320,34,1,0
BRDA:321,35,0,0
BRDA:321,35,1,0
BRDA:337,36,0,0
BRDA:337,36,1,0
BRDA:337,37,0,0
BRDA:337,37,1,0
BRDA:346,38,0,0
BRDA:346,38,1,0
BRDA:346,39,0,0
BRDA:346,39,1,0
BRDA:361,40,0,0
BRDA:361,40,1,0
BRDA:365,41,0,0
BRDA:365,41,1,0
BRDA:369,42,0,0
BRDA:369,42,1,0
BRDA:374,43,0,0
BRDA:374,43,1,0
BRDA:382,44,0,0
BRDA:382,44,1,0
BRDA:387,45,0,0
BRDA:387,45,1,0
BRDA:393,46,0,0
BRDA:393,46,1,0
BRDA:420,47,0,0
BRDA:420,47,1,0
BRDA:422,48,0,0
BRDA:422,48,1,0
BRDA:432,49,0,0
BRDA:432,49,1,0
BRDA:453,50,0,0
BRDA:453,50,1,0
BRDA:455,51,0,0
BRDA:455,51,1,0
BRDA:455,51,2,0
BRDA:456,52,0,0
BRDA:456,52,1,0
BRDA:459,53,0,0
BRDA:459,53,1,0
BRDA:460,54,0,0
BRDA:460,54,1,0
BRDA:466,55,0,0
BRDA:466,55,1,0
BRDA:476,56,0,0
BRDA:476,56,1,0
BRDA:476,57,0,0
BRDA:476,57,1,0
BRDA:484,58,0,0
BRDA:484,58,1,0
BRDA:484,59,0,0
BRDA:484,59,1,0
BRDA:496,60,0,0
BRDA:496,60,1,0
BRDA:500,61,0,0
BRDA:500,61,1,0
BRDA:504,62,0,0
BRDA:504,62,1,0
BRDA:509,63,0,0
BRDA:509,63,1,0
BRDA:517,64,0,0
BRDA:517,64,1,0
BRDA:522,65,0,0
BRDA:522,65,1,0
BRDA:522,66,0,0
BRDA:522,66,1,0
BRDA:554,67,0,0
BRDA:554,67,1,0
BRDA:556,68,0,0
BRDA:556,68,1,0
BRDA:566,69,0,0
BRDA:566,69,1,0
BRDA:577,70,0,0
BRDA:577,70,1,0
BRDA:584,71,0,0
BRDA:584,71,1,0
BRDA:594,72,0,0
BRDA:594,72,1,0
BRF:149
BRH:31
end_of_record
TN:
SF:src/utils/rut.js
FN:5,normalizeRut
FNF:1
FNH:1
FNDA:2,normalizeRut
DA:6,2
DA:7,2
DA:10,8
LF:3
LH:3
BRDA:6,0,0,0
BRDA:6,0,1,2
BRF:2
BRH:1
end_of_record
TN:
SF:src/validations/auth.js
FNF:0
FNH:0
DA:1,8
DA:3,8
DA:15,8
DA:36,8
LF:4
LH:4
BRF:0
BRH:0
end_of_record
TN:
SF:src/validations/examenes.js
FN:46,(anonymous_0)
FNF:1
FNH:0
FNDA:0,(anonymous_0)
DA:1,8
DA:3,8
DA:32,8
DA:47,0
DA:51,8
LF:5
LH:4
BRF:0
BRH:0
end_of_record
TN:
SF:src/validations/pacientes.js
FN:127,(anonymous_0)
FNF:1
FNH:0
FNDA:0,(anonymous_0)
DA:1,8
DA:3,8
DA:96,8
DA:128,0
DA:132,8
LF:5
LH:4
BRF:0
BRH:0
end_of_record
TN:
SF:src/validations/users.js
FN:43,(anonymous_0)
FNF:1
FNH:0
FNDA:0,(anonymous_0)
DA:1,8
DA:3,8
DA:25,8
DA:44,0
DA:48,8
LF:5
LH:4
BRF:0
BRH:0
end_of_record
TN:
SF:tests/testUtils.js
FN:5,tokenFor
FNF:1
FNH:1
FNDA:20,tokenFor
DA:1,4
DA:3,4
DA:6,20
DA:7,20
DA:21,4
DA:31,4
DA:40,4
LF:7
LH:7
BRDA:3,0,0,4
BRDA:3,0,1,4
BRDA:5,1,0,0
BRDA:5,2,0,0
BRDA:5,3,0,20
BRDA:5,4,0,0
BRDA:6,5,0,20
BRDA:6,5,1,0
BRDA:11,6,0,20
BRDA:11,6,1,0
BRDA:12,7,0,20
BRDA:12,7,1,0
BRF:12
BRH:6
end_of_record
